{"/home/magnus/developments/projects/code_dragon/backend/src/domain/entities/age-range.entity.ts": {"path":"/home/magnus/developments/projects/code_dragon/backend/src/domain/entities/age-range.entity.ts","statementMap":{"0":{"start":{"line":14,"column":20},"end":{"line":14,"column":42}},"1":{"start":{"line":15,"column":20},"end":{"line":15,"column":32}},"2":{"start":{"line":16,"column":20},"end":{"line":16,"column":36}},"3":{"start":{"line":17,"column":20},"end":{"line":17,"column":34}},"4":{"start":{"line":18,"column":20},"end":{"line":18,"column":32}},"5":{"start":{"line":19,"column":20},"end":{"line":19,"column":45}},"6":{"start":{"line":20,"column":20},"end":{"line":20,"column":35}},"7":{"start":{"line":21,"column":20},"end":{"line":21,"column":35}},"8":{"start":{"line":25,"column":4},"end":{"line":34,"column":6}}},"fnMap":{"0":{"name":"(anonymous_0)","decl":{"start":{"line":13,"column":2},"end":{"line":13,"column":null}},"loc":{"start":{"line":21,"column":35},"end":{"line":22,"column":6}}},"1":{"name":"(anonymous_1)","decl":{"start":{"line":24,"column":2},"end":{"line":24,"column":8}},"loc":{"start":{"line":24,"column":43},"end":{"line":35,"column":3}}}},"branchMap":{"0":{"loc":{"start":{"line":32,"column":6},"end":{"line":32,"column":35}},"type":"binary-expr","locations":[{"start":{"line":32,"column":6},"end":{"line":32,"column":21}},{"start":{"line":32,"column":25},"end":{"line":32,"column":35}}]},"1":{"loc":{"start":{"line":33,"column":6},"end":{"line":33,"column":35}},"type":"binary-expr","locations":[{"start":{"line":33,"column":6},"end":{"line":33,"column":21}},{"start":{"line":33,"column":25},"end":{"line":33,"column":35}}]}},"s":{"0":4,"1":4,"2":4,"3":4,"4":4,"5":4,"6":4,"7":4,"8":4},"f":{"0":4,"1":4},"b":{"0":[4,3],"1":[4,3]}}
,"/home/magnus/developments/projects/code_dragon/backend/src/domain/entities/career-objective.entity.ts": {"path":"/home/magnus/developments/projects/code_dragon/backend/src/domain/entities/career-objective.entity.ts","statementMap":{"0":{"start":{"line":13,"column":20},"end":{"line":13,"column":42}},"1":{"start":{"line":14,"column":20},"end":{"line":14,"column":32}},"2":{"start":{"line":15,"column":20},"end":{"line":15,"column":39}},"3":{"start":{"line":16,"column":20},"end":{"line":16,"column":32}},"4":{"start":{"line":17,"column":20},"end":{"line":17,"column":45}},"5":{"start":{"line":18,"column":20},"end":{"line":18,"column":35}},"6":{"start":{"line":19,"column":20},"end":{"line":19,"column":35}},"7":{"start":{"line":23,"column":4},"end":{"line":31,"column":6}}},"fnMap":{"0":{"name":"(anonymous_0)","decl":{"start":{"line":12,"column":2},"end":{"line":12,"column":null}},"loc":{"start":{"line":19,"column":35},"end":{"line":20,"column":6}}},"1":{"name":"(anonymous_1)","decl":{"start":{"line":22,"column":2},"end":{"line":22,"column":8}},"loc":{"start":{"line":22,"column":50},"end":{"line":32,"column":3}}}},"branchMap":{"0":{"loc":{"start":{"line":29,"column":6},"end":{"line":29,"column":35}},"type":"binary-expr","locations":[{"start":{"line":29,"column":6},"end":{"line":29,"column":21}},{"start":{"line":29,"column":25},"end":{"line":29,"column":35}}]},"1":{"loc":{"start":{"line":30,"column":6},"end":{"line":30,"column":35}},"type":"binary-expr","locations":[{"start":{"line":30,"column":6},"end":{"line":30,"column":21}},{"start":{"line":30,"column":25},"end":{"line":30,"column":35}}]}},"s":{"0":4,"1":4,"2":4,"3":4,"4":4,"5":4,"6":4,"7":4},"f":{"0":4,"1":4},"b":{"0":[4,3],"1":[4,3]}}
,"/home/magnus/developments/projects/code_dragon/backend/src/domain/entities/profile.entity.ts": {"path":"/home/magnus/developments/projects/code_dragon/backend/src/domain/entities/profile.entity.ts","statementMap":{"0":{"start":{"line":26,"column":20},"end":{"line":26,"column":30}},"1":{"start":{"line":27,"column":20},"end":{"line":27,"column":34}},"2":{"start":{"line":28,"column":11},"end":{"line":28,"column":37}},"3":{"start":{"line":29,"column":11},"end":{"line":29,"column":35}},"4":{"start":{"line":30,"column":11},"end":{"line":30,"column":38}},"5":{"start":{"line":31,"column":20},"end":{"line":31,"column":45}},"6":{"start":{"line":32,"column":11},"end":{"line":32,"column":37}},"7":{"start":{"line":33,"column":11},"end":{"line":33,"column":37}},"8":{"start":{"line":34,"column":11},"end":{"line":34,"column":43}},"9":{"start":{"line":35,"column":20},"end":{"line":35,"column":35}},"10":{"start":{"line":36,"column":11},"end":{"line":36,"column":26}},"11":{"start":{"line":40,"column":4},"end":{"line":52,"column":6}},"12":{"start":{"line":56,"column":4},"end":{"line":56,"column":61}},"13":{"start":{"line":57,"column":4},"end":{"line":57,"column":55}},"14":{"start":{"line":58,"column":4},"end":{"line":58,"column":64}},"15":{"start":{"line":59,"column":4},"end":{"line":59,"column":61}},"16":{"start":{"line":60,"column":4},"end":{"line":60,"column":61}},"17":{"start":{"line":61,"column":4},"end":{"line":61,"column":79}},"18":{"start":{"line":62,"column":4},"end":{"line":62,"column":32}}},"fnMap":{"0":{"name":"(anonymous_0)","decl":{"start":{"line":25,"column":2},"end":{"line":25,"column":null}},"loc":{"start":{"line":36,"column":26},"end":{"line":37,"column":6}}},"1":{"name":"(anonymous_1)","decl":{"start":{"line":39,"column":2},"end":{"line":39,"column":8}},"loc":{"start":{"line":39,"column":42},"end":{"line":53,"column":3}}},"2":{"name":"(anonymous_2)","decl":{"start":{"line":55,"column":2},"end":{"line":55,"column":8}},"loc":{"start":{"line":55,"column":35},"end":{"line":63,"column":3}}}},"branchMap":{"0":{"loc":{"start":{"line":41,"column":6},"end":{"line":41,"column":37}},"type":"binary-expr","locations":[{"start":{"line":41,"column":6},"end":{"line":41,"column":14}},{"start":{"line":41,"column":18},"end":{"line":41,"column":37}}]},"1":{"loc":{"start":{"line":43,"column":6},"end":{"line":43,"column":31}},"type":"binary-expr","locations":[{"start":{"line":43,"column":6},"end":{"line":43,"column":23}},{"start":{"line":43,"column":27},"end":{"line":43,"column":31}}]},"2":{"loc":{"start":{"line":44,"column":6},"end":{"line":44,"column":29}},"type":"binary-expr","locations":[{"start":{"line":44,"column":6},"end":{"line":44,"column":21}},{"start":{"line":44,"column":25},"end":{"line":44,"column":29}}]},"3":{"loc":{"start":{"line":45,"column":6},"end":{"line":45,"column":32}},"type":"binary-expr","locations":[{"start":{"line":45,"column":6},"end":{"line":45,"column":24}},{"start":{"line":45,"column":28},"end":{"line":45,"column":32}}]},"4":{"loc":{"start":{"line":46,"column":6},"end":{"line":46,"column":30}},"type":"binary-expr","locations":[{"start":{"line":46,"column":6},"end":{"line":46,"column":22}},{"start":{"line":46,"column":26},"end":{"line":46,"column":30}}]},"5":{"loc":{"start":{"line":47,"column":6},"end":{"line":47,"column":31}},"type":"binary-expr","locations":[{"start":{"line":47,"column":6},"end":{"line":47,"column":23}},{"start":{"line":47,"column":27},"end":{"line":47,"column":31}}]},"6":{"loc":{"start":{"line":48,"column":6},"end":{"line":48,"column":31}},"type":"binary-expr","locations":[{"start":{"line":48,"column":6},"end":{"line":48,"column":23}},{"start":{"line":48,"column":27},"end":{"line":48,"column":31}}]},"7":{"loc":{"start":{"line":49,"column":6},"end":{"line":49,"column":37}},"type":"binary-expr","locations":[{"start":{"line":49,"column":6},"end":{"line":49,"column":29}},{"start":{"line":49,"column":33},"end":{"line":49,"column":37}}]},"8":{"loc":{"start":{"line":50,"column":6},"end":{"line":50,"column":35}},"type":"binary-expr","locations":[{"start":{"line":50,"column":6},"end":{"line":50,"column":21}},{"start":{"line":50,"column":25},"end":{"line":50,"column":35}}]},"9":{"loc":{"start":{"line":51,"column":6},"end":{"line":51,"column":35}},"type":"binary-expr","locations":[{"start":{"line":51,"column":6},"end":{"line":51,"column":21}},{"start":{"line":51,"column":25},"end":{"line":51,"column":35}}]},"10":{"loc":{"start":{"line":56,"column":23},"end":{"line":56,"column":60}},"type":"binary-expr","locations":[{"start":{"line":56,"column":23},"end":{"line":56,"column":40}},{"start":{"line":56,"column":44},"end":{"line":56,"column":60}}]},"11":{"loc":{"start":{"line":57,"column":21},"end":{"line":57,"column":54}},"type":"binary-expr","locations":[{"start":{"line":57,"column":21},"end":{"line":57,"column":36}},{"start":{"line":57,"column":40},"end":{"line":57,"column":54}}]},"12":{"loc":{"start":{"line":58,"column":24},"end":{"line":58,"column":63}},"type":"binary-expr","locations":[{"start":{"line":58,"column":24},"end":{"line":58,"column":42}},{"start":{"line":58,"column":46},"end":{"line":58,"column":63}}]},"13":{"loc":{"start":{"line":59,"column":23},"end":{"line":59,"column":60}},"type":"binary-expr","locations":[{"start":{"line":59,"column":23},"end":{"line":59,"column":40}},{"start":{"line":59,"column":44},"end":{"line":59,"column":60}}]},"14":{"loc":{"start":{"line":60,"column":23},"end":{"line":60,"column":60}},"type":"binary-expr","locations":[{"start":{"line":60,"column":23},"end":{"line":60,"column":40}},{"start":{"line":60,"column":44},"end":{"line":60,"column":60}}]},"15":{"loc":{"start":{"line":61,"column":29},"end":{"line":61,"column":78}},"type":"binary-expr","locations":[{"start":{"line":61,"column":29},"end":{"line":61,"column":52}},{"start":{"line":61,"column":56},"end":{"line":61,"column":78}}]}},"s":{"0":12,"1":12,"2":12,"3":12,"4":12,"5":12,"6":12,"7":12,"8":12,"9":12,"10":12,"11":12,"12":3,"13":3,"14":3,"15":3,"16":3,"17":3,"18":3},"f":{"0":12,"1":12,"2":3},"b":{"0":[12,7],"1":[12,9],"2":[12,11],"3":[12,11],"4":[12,9],"5":[12,4],"6":[12,5],"7":[12,8],"8":[12,10],"9":[12,10],"10":[3,2],"11":[3,2],"12":[3,2],"13":[3,1],"14":[3,2],"15":[3,2]}}
,"/home/magnus/developments/projects/code_dragon/backend/src/domain/entities/quiz-objective.entity.ts": {"path":"/home/magnus/developments/projects/code_dragon/backend/src/domain/entities/quiz-objective.entity.ts","statementMap":{"0":{"start":{"line":12,"column":20},"end":{"line":12,"column":42}},"1":{"start":{"line":13,"column":20},"end":{"line":13,"column":32}},"2":{"start":{"line":14,"column":20},"end":{"line":14,"column":39}},"3":{"start":{"line":15,"column":20},"end":{"line":15,"column":32}},"4":{"start":{"line":16,"column":20},"end":{"line":16,"column":35}},"5":{"start":{"line":17,"column":20},"end":{"line":17,"column":35}},"6":{"start":{"line":21,"column":4},"end":{"line":28,"column":6}}},"fnMap":{"0":{"name":"(anonymous_0)","decl":{"start":{"line":11,"column":2},"end":{"line":11,"column":null}},"loc":{"start":{"line":17,"column":35},"end":{"line":18,"column":6}}},"1":{"name":"(anonymous_1)","decl":{"start":{"line":20,"column":2},"end":{"line":20,"column":8}},"loc":{"start":{"line":20,"column":48},"end":{"line":29,"column":3}}}},"branchMap":{"0":{"loc":{"start":{"line":26,"column":6},"end":{"line":26,"column":35}},"type":"binary-expr","locations":[{"start":{"line":26,"column":6},"end":{"line":26,"column":21}},{"start":{"line":26,"column":25},"end":{"line":26,"column":35}}]},"1":{"loc":{"start":{"line":27,"column":6},"end":{"line":27,"column":35}},"type":"binary-expr","locations":[{"start":{"line":27,"column":6},"end":{"line":27,"column":21}},{"start":{"line":27,"column":25},"end":{"line":27,"column":35}}]}},"s":{"0":6,"1":6,"2":6,"3":6,"4":6,"5":6,"6":6},"f":{"0":6,"1":6},"b":{"0":[6,5],"1":[6,5]}}
,"/home/magnus/developments/projects/code_dragon/backend/src/domain/entities/quiz-question.entity.ts": {"path":"/home/magnus/developments/projects/code_dragon/backend/src/domain/entities/quiz-question.entity.ts","statementMap":{"0":{"start":{"line":18,"column":20},"end":{"line":18,"column":42}},"1":{"start":{"line":19,"column":20},"end":{"line":19,"column":43}},"2":{"start":{"line":20,"column":20},"end":{"line":20,"column":39}},"3":{"start":{"line":21,"column":20},"end":{"line":21,"column":39}},"4":{"start":{"line":22,"column":20},"end":{"line":22,"column":37}},"5":{"start":{"line":23,"column":20},"end":{"line":23,"column":42}},"6":{"start":{"line":24,"column":20},"end":{"line":24,"column":51}},"7":{"start":{"line":25,"column":20},"end":{"line":25,"column":39}},"8":{"start":{"line":26,"column":20},"end":{"line":26,"column":35}},"9":{"start":{"line":27,"column":20},"end":{"line":27,"column":41}},"10":{"start":{"line":28,"column":20},"end":{"line":28,"column":35}},"11":{"start":{"line":29,"column":20},"end":{"line":29,"column":35}},"12":{"start":{"line":33,"column":4},"end":{"line":46,"column":6}}},"fnMap":{"0":{"name":"(anonymous_0)","decl":{"start":{"line":17,"column":2},"end":{"line":17,"column":null}},"loc":{"start":{"line":29,"column":35},"end":{"line":30,"column":6}}},"1":{"name":"(anonymous_1)","decl":{"start":{"line":32,"column":2},"end":{"line":32,"column":8}},"loc":{"start":{"line":32,"column":47},"end":{"line":47,"column":3}}}},"branchMap":{"0":{"loc":{"start":{"line":41,"column":6},"end":{"line":41,"column":24}},"type":"binary-expr","locations":[{"start":{"line":41,"column":6},"end":{"line":41,"column":16}},{"start":{"line":41,"column":20},"end":{"line":41,"column":24}}]},"1":{"loc":{"start":{"line":42,"column":6},"end":{"line":42,"column":24}},"type":"binary-expr","locations":[{"start":{"line":42,"column":6},"end":{"line":42,"column":19}},{"start":{"line":42,"column":23},"end":{"line":42,"column":24}}]},"2":{"loc":{"start":{"line":44,"column":6},"end":{"line":44,"column":35}},"type":"binary-expr","locations":[{"start":{"line":44,"column":6},"end":{"line":44,"column":21}},{"start":{"line":44,"column":25},"end":{"line":44,"column":35}}]},"3":{"loc":{"start":{"line":45,"column":6},"end":{"line":45,"column":35}},"type":"binary-expr","locations":[{"start":{"line":45,"column":6},"end":{"line":45,"column":21}},{"start":{"line":45,"column":25},"end":{"line":45,"column":35}}]}},"s":{"0":88,"1":88,"2":88,"3":88,"4":88,"5":88,"6":88,"7":88,"8":88,"9":88,"10":88,"11":88,"12":88},"f":{"0":88,"1":88},"b":{"0":[88,62],"1":[88,84],"2":[88,87],"3":[88,87]}}
,"/home/magnus/developments/projects/code_dragon/backend/src/domain/entities/quiz-subject.entity.ts": {"path":"/home/magnus/developments/projects/code_dragon/backend/src/domain/entities/quiz-subject.entity.ts","statementMap":{"0":{"start":{"line":12,"column":20},"end":{"line":12,"column":42}},"1":{"start":{"line":13,"column":20},"end":{"line":13,"column":32}},"2":{"start":{"line":14,"column":20},"end":{"line":14,"column":39}},"3":{"start":{"line":15,"column":20},"end":{"line":15,"column":32}},"4":{"start":{"line":16,"column":20},"end":{"line":16,"column":35}},"5":{"start":{"line":17,"column":20},"end":{"line":17,"column":35}},"6":{"start":{"line":21,"column":4},"end":{"line":28,"column":6}}},"fnMap":{"0":{"name":"(anonymous_0)","decl":{"start":{"line":11,"column":2},"end":{"line":11,"column":null}},"loc":{"start":{"line":17,"column":35},"end":{"line":18,"column":6}}},"1":{"name":"(anonymous_1)","decl":{"start":{"line":20,"column":2},"end":{"line":20,"column":8}},"loc":{"start":{"line":20,"column":46},"end":{"line":29,"column":3}}}},"branchMap":{"0":{"loc":{"start":{"line":26,"column":6},"end":{"line":26,"column":35}},"type":"binary-expr","locations":[{"start":{"line":26,"column":6},"end":{"line":26,"column":21}},{"start":{"line":26,"column":25},"end":{"line":26,"column":35}}]},"1":{"loc":{"start":{"line":27,"column":6},"end":{"line":27,"column":35}},"type":"binary-expr","locations":[{"start":{"line":27,"column":6},"end":{"line":27,"column":21}},{"start":{"line":27,"column":25},"end":{"line":27,"column":35}}]}},"s":{"0":6,"1":6,"2":6,"3":6,"4":6,"5":6,"6":6},"f":{"0":6,"1":6},"b":{"0":[6,5],"1":[6,5]}}
,"/home/magnus/developments/projects/code_dragon/backend/src/domain/entities/seniority.entity.ts": {"path":"/home/magnus/developments/projects/code_dragon/backend/src/domain/entities/seniority.entity.ts","statementMap":{"0":{"start":{"line":13,"column":20},"end":{"line":13,"column":42}},"1":{"start":{"line":14,"column":20},"end":{"line":14,"column":32}},"2":{"start":{"line":15,"column":20},"end":{"line":15,"column":39}},"3":{"start":{"line":16,"column":20},"end":{"line":16,"column":32}},"4":{"start":{"line":17,"column":20},"end":{"line":17,"column":45}},"5":{"start":{"line":18,"column":20},"end":{"line":18,"column":35}},"6":{"start":{"line":19,"column":20},"end":{"line":19,"column":35}},"7":{"start":{"line":23,"column":4},"end":{"line":31,"column":6}}},"fnMap":{"0":{"name":"(anonymous_0)","decl":{"start":{"line":12,"column":2},"end":{"line":12,"column":null}},"loc":{"start":{"line":19,"column":35},"end":{"line":20,"column":6}}},"1":{"name":"(anonymous_1)","decl":{"start":{"line":22,"column":2},"end":{"line":22,"column":8}},"loc":{"start":{"line":22,"column":44},"end":{"line":32,"column":3}}}},"branchMap":{"0":{"loc":{"start":{"line":29,"column":6},"end":{"line":29,"column":35}},"type":"binary-expr","locations":[{"start":{"line":29,"column":6},"end":{"line":29,"column":21}},{"start":{"line":29,"column":25},"end":{"line":29,"column":35}}]},"1":{"loc":{"start":{"line":30,"column":6},"end":{"line":30,"column":35}},"type":"binary-expr","locations":[{"start":{"line":30,"column":6},"end":{"line":30,"column":21}},{"start":{"line":30,"column":25},"end":{"line":30,"column":35}}]}},"s":{"0":7,"1":7,"2":7,"3":7,"4":7,"5":7,"6":7,"7":7},"f":{"0":7,"1":7},"b":{"0":[7,6],"1":[7,6]}}
,"/home/magnus/developments/projects/code_dragon/backend/src/domain/entities/session-quiz.entity.ts": {"path":"/home/magnus/developments/projects/code_dragon/backend/src/domain/entities/session-quiz.entity.ts","statementMap":{"0":{"start":{"line":16,"column":20},"end":{"line":16,"column":30}},"1":{"start":{"line":17,"column":20},"end":{"line":17,"column":37}},"2":{"start":{"line":18,"column":20},"end":{"line":18,"column":34}},"3":{"start":{"line":19,"column":20},"end":{"line":19,"column":39}},"4":{"start":{"line":20,"column":20},"end":{"line":20,"column":39}},"5":{"start":{"line":21,"column":20},"end":{"line":21,"column":43}},"6":{"start":{"line":22,"column":20},"end":{"line":22,"column":45}},"7":{"start":{"line":23,"column":20},"end":{"line":23,"column":33}},"8":{"start":{"line":24,"column":20},"end":{"line":24,"column":35}},"9":{"start":{"line":25,"column":20},"end":{"line":25,"column":35}},"10":{"start":{"line":29,"column":4},"end":{"line":40,"column":6}}},"fnMap":{"0":{"name":"(anonymous_0)","decl":{"start":{"line":15,"column":2},"end":{"line":15,"column":null}},"loc":{"start":{"line":25,"column":35},"end":{"line":26,"column":6}}},"1":{"name":"(anonymous_1)","decl":{"start":{"line":28,"column":2},"end":{"line":28,"column":8}},"loc":{"start":{"line":28,"column":46},"end":{"line":41,"column":3}}}},"branchMap":{"0":{"loc":{"start":{"line":30,"column":6},"end":{"line":30,"column":37}},"type":"binary-expr","locations":[{"start":{"line":30,"column":6},"end":{"line":30,"column":14}},{"start":{"line":30,"column":18},"end":{"line":30,"column":37}}]},"1":{"loc":{"start":{"line":37,"column":6},"end":{"line":37,"column":22}},"type":"binary-expr","locations":[{"start":{"line":37,"column":6},"end":{"line":37,"column":17}},{"start":{"line":37,"column":21},"end":{"line":37,"column":22}}]},"2":{"loc":{"start":{"line":38,"column":6},"end":{"line":38,"column":35}},"type":"binary-expr","locations":[{"start":{"line":38,"column":6},"end":{"line":38,"column":21}},{"start":{"line":38,"column":25},"end":{"line":38,"column":35}}]},"3":{"loc":{"start":{"line":39,"column":6},"end":{"line":39,"column":35}},"type":"binary-expr","locations":[{"start":{"line":39,"column":6},"end":{"line":39,"column":21}},{"start":{"line":39,"column":25},"end":{"line":39,"column":35}}]}},"s":{"0":16,"1":16,"2":16,"3":16,"4":16,"5":16,"6":16,"7":16,"8":16,"9":16,"10":16},"f":{"0":16,"1":16},"b":{"0":[16,16],"1":[16,16],"2":[16,16],"3":[16,16]}}
,"/home/magnus/developments/projects/code_dragon/backend/src/domain/entities/session.entity.ts": {"path":"/home/magnus/developments/projects/code_dragon/backend/src/domain/entities/session.entity.ts","statementMap":{"0":{"start":{"line":11,"column":20},"end":{"line":11,"column":30}},"1":{"start":{"line":12,"column":20},"end":{"line":12,"column":34}},"2":{"start":{"line":13,"column":20},"end":{"line":13,"column":37}},"3":{"start":{"line":14,"column":20},"end":{"line":14,"column":35}},"4":{"start":{"line":15,"column":20},"end":{"line":15,"column":35}},"5":{"start":{"line":19,"column":4},"end":{"line":25,"column":6}}},"fnMap":{"0":{"name":"(anonymous_0)","decl":{"start":{"line":10,"column":2},"end":{"line":10,"column":null}},"loc":{"start":{"line":15,"column":35},"end":{"line":16,"column":6}}},"1":{"name":"(anonymous_1)","decl":{"start":{"line":18,"column":2},"end":{"line":18,"column":8}},"loc":{"start":{"line":18,"column":42},"end":{"line":26,"column":3}}}},"branchMap":{"0":{"loc":{"start":{"line":20,"column":6},"end":{"line":20,"column":37}},"type":"binary-expr","locations":[{"start":{"line":20,"column":6},"end":{"line":20,"column":14}},{"start":{"line":20,"column":18},"end":{"line":20,"column":37}}]},"1":{"loc":{"start":{"line":23,"column":6},"end":{"line":23,"column":35}},"type":"binary-expr","locations":[{"start":{"line":23,"column":6},"end":{"line":23,"column":21}},{"start":{"line":23,"column":25},"end":{"line":23,"column":35}}]},"2":{"loc":{"start":{"line":24,"column":6},"end":{"line":24,"column":35}},"type":"binary-expr","locations":[{"start":{"line":24,"column":6},"end":{"line":24,"column":21}},{"start":{"line":24,"column":25},"end":{"line":24,"column":35}}]}},"s":{"0":16,"1":16,"2":16,"3":16,"4":16,"5":16},"f":{"0":16,"1":16},"b":{"0":[16,16],"1":[16,16],"2":[16,16]}}
,"/home/magnus/developments/projects/code_dragon/backend/src/domain/entities/specialty.entity.ts": {"path":"/home/magnus/developments/projects/code_dragon/backend/src/domain/entities/specialty.entity.ts","statementMap":{"0":{"start":{"line":13,"column":20},"end":{"line":13,"column":42}},"1":{"start":{"line":14,"column":20},"end":{"line":14,"column":32}},"2":{"start":{"line":15,"column":20},"end":{"line":15,"column":39}},"3":{"start":{"line":16,"column":20},"end":{"line":16,"column":32}},"4":{"start":{"line":17,"column":20},"end":{"line":17,"column":45}},"5":{"start":{"line":18,"column":20},"end":{"line":18,"column":35}},"6":{"start":{"line":19,"column":20},"end":{"line":19,"column":35}},"7":{"start":{"line":23,"column":4},"end":{"line":31,"column":6}}},"fnMap":{"0":{"name":"(anonymous_0)","decl":{"start":{"line":12,"column":2},"end":{"line":12,"column":null}},"loc":{"start":{"line":19,"column":35},"end":{"line":20,"column":6}}},"1":{"name":"(anonymous_1)","decl":{"start":{"line":22,"column":2},"end":{"line":22,"column":8}},"loc":{"start":{"line":22,"column":44},"end":{"line":32,"column":3}}}},"branchMap":{"0":{"loc":{"start":{"line":29,"column":6},"end":{"line":29,"column":35}},"type":"binary-expr","locations":[{"start":{"line":29,"column":6},"end":{"line":29,"column":21}},{"start":{"line":29,"column":25},"end":{"line":29,"column":35}}]},"1":{"loc":{"start":{"line":30,"column":6},"end":{"line":30,"column":35}},"type":"binary-expr","locations":[{"start":{"line":30,"column":6},"end":{"line":30,"column":21}},{"start":{"line":30,"column":25},"end":{"line":30,"column":35}}]}},"s":{"0":7,"1":7,"2":7,"3":7,"4":7,"5":7,"6":7,"7":7},"f":{"0":7,"1":7},"b":{"0":[7,6],"1":[7,6]}}
,"/home/magnus/developments/projects/code_dragon/backend/src/domain/entities/stack.entity.ts": {"path":"/home/magnus/developments/projects/code_dragon/backend/src/domain/entities/stack.entity.ts","statementMap":{"0":{"start":{"line":12,"column":20},"end":{"line":12,"column":42}},"1":{"start":{"line":13,"column":20},"end":{"line":13,"column":32}},"2":{"start":{"line":14,"column":20},"end":{"line":14,"column":32}},"3":{"start":{"line":15,"column":20},"end":{"line":15,"column":38}},"4":{"start":{"line":16,"column":20},"end":{"line":16,"column":35}},"5":{"start":{"line":17,"column":20},"end":{"line":17,"column":35}},"6":{"start":{"line":21,"column":4},"end":{"line":28,"column":6}}},"fnMap":{"0":{"name":"(anonymous_0)","decl":{"start":{"line":11,"column":2},"end":{"line":11,"column":null}},"loc":{"start":{"line":17,"column":35},"end":{"line":18,"column":6}}},"1":{"name":"(anonymous_1)","decl":{"start":{"line":20,"column":2},"end":{"line":20,"column":8}},"loc":{"start":{"line":20,"column":40},"end":{"line":29,"column":3}}}},"branchMap":{"0":{"loc":{"start":{"line":25,"column":6},"end":{"line":25,"column":27}},"type":"binary-expr","locations":[{"start":{"line":25,"column":6},"end":{"line":25,"column":22}},{"start":{"line":25,"column":26},"end":{"line":25,"column":27}}]},"1":{"loc":{"start":{"line":26,"column":6},"end":{"line":26,"column":35}},"type":"binary-expr","locations":[{"start":{"line":26,"column":6},"end":{"line":26,"column":21}},{"start":{"line":26,"column":25},"end":{"line":26,"column":35}}]},"2":{"loc":{"start":{"line":27,"column":6},"end":{"line":27,"column":35}},"type":"binary-expr","locations":[{"start":{"line":27,"column":6},"end":{"line":27,"column":21}},{"start":{"line":27,"column":25},"end":{"line":27,"column":35}}]}},"s":{"0":8,"1":8,"2":8,"3":8,"4":8,"5":8,"6":8},"f":{"0":8,"1":8},"b":{"0":[8,6],"1":[8,7],"2":[8,7]}}
,"/home/magnus/developments/projects/code_dragon/backend/src/domain/entities/token.entity.ts": {"path":"/home/magnus/developments/projects/code_dragon/backend/src/domain/entities/token.entity.ts","statementMap":{"0":{"start":{"line":23,"column":4},"end":{"line":23,"column":46}},"1":{"start":{"line":24,"column":4},"end":{"line":24,"column":31}},"2":{"start":{"line":25,"column":4},"end":{"line":25,"column":37}},"3":{"start":{"line":26,"column":4},"end":{"line":26,"column":27}},"4":{"start":{"line":27,"column":4},"end":{"line":27,"column":37}},"5":{"start":{"line":28,"column":4},"end":{"line":28,"column":51}},"6":{"start":{"line":29,"column":4},"end":{"line":29,"column":51}},"7":{"start":{"line":33,"column":4},"end":{"line":33,"column":28}},"8":{"start":{"line":37,"column":4},"end":{"line":37,"column":39}}},"fnMap":{"0":{"name":"(anonymous_0)","decl":{"start":{"line":22,"column":2},"end":{"line":22,"column":22}},"loc":{"start":{"line":22,"column":46},"end":{"line":30,"column":3}}},"1":{"name":"(anonymous_1)","decl":{"start":{"line":32,"column":2},"end":{"line":32,"column":8}},"loc":{"start":{"line":32,"column":40},"end":{"line":34,"column":3}}},"2":{"name":"(anonymous_2)","decl":{"start":{"line":36,"column":2},"end":{"line":36,"column":11}},"loc":{"start":{"line":36,"column":11},"end":{"line":38,"column":3}}}},"branchMap":{"0":{"loc":{"start":{"line":23,"column":14},"end":{"line":23,"column":45}},"type":"binary-expr","locations":[{"start":{"line":23,"column":14},"end":{"line":23,"column":22}},{"start":{"line":23,"column":26},"end":{"line":23,"column":45}}]},"1":{"loc":{"start":{"line":28,"column":21},"end":{"line":28,"column":50}},"type":"binary-expr","locations":[{"start":{"line":28,"column":21},"end":{"line":28,"column":36}},{"start":{"line":28,"column":40},"end":{"line":28,"column":50}}]},"2":{"loc":{"start":{"line":29,"column":21},"end":{"line":29,"column":50}},"type":"binary-expr","locations":[{"start":{"line":29,"column":21},"end":{"line":29,"column":36}},{"start":{"line":29,"column":40},"end":{"line":29,"column":50}}]}},"s":{"0":24,"1":24,"2":24,"3":24,"4":24,"5":24,"6":24,"7":24,"8":4},"f":{"0":24,"1":24,"2":4},"b":{"0":[24,9],"1":[24,19],"2":[24,19]}}
,"/home/magnus/developments/projects/code_dragon/backend/src/domain/entities/user.entity.ts": {"path":"/home/magnus/developments/projects/code_dragon/backend/src/domain/entities/user.entity.ts","statementMap":{"0":{"start":{"line":14,"column":20},"end":{"line":14,"column":30}},"1":{"start":{"line":15,"column":20},"end":{"line":15,"column":32}},"2":{"start":{"line":16,"column":20},"end":{"line":16,"column":33}},"3":{"start":{"line":17,"column":20},"end":{"line":17,"column":40}},"4":{"start":{"line":18,"column":20},"end":{"line":18,"column":43}},"5":{"start":{"line":19,"column":20},"end":{"line":19,"column":35}},"6":{"start":{"line":20,"column":20},"end":{"line":20,"column":35}},"7":{"start":{"line":21,"column":20},"end":{"line":21,"column":42}},"8":{"start":{"line":25,"column":4},"end":{"line":34,"column":6}},"9":{"start":{"line":38,"column":4},"end":{"line":42,"column":7}},"10":{"start":{"line":46,"column":4},"end":{"line":46,"column":36}},"11":{"start":{"line":50,"column":4},"end":{"line":50,"column":73}}},"fnMap":{"0":{"name":"(anonymous_0)","decl":{"start":{"line":13,"column":2},"end":{"line":13,"column":null}},"loc":{"start":{"line":21,"column":42},"end":{"line":22,"column":6}}},"1":{"name":"(anonymous_1)","decl":{"start":{"line":24,"column":2},"end":{"line":24,"column":8}},"loc":{"start":{"line":24,"column":39},"end":{"line":35,"column":3}}},"2":{"name":"(anonymous_2)","decl":{"start":{"line":37,"column":2},"end":{"line":37,"column":16}},"loc":{"start":{"line":37,"column":16},"end":{"line":43,"column":3}}},"3":{"name":"(anonymous_3)","decl":{"start":{"line":45,"column":2},"end":{"line":45,"column":12}},"loc":{"start":{"line":45,"column":12},"end":{"line":47,"column":3}}},"4":{"name":"(anonymous_4)","decl":{"start":{"line":49,"column":2},"end":{"line":49,"column":16}},"loc":{"start":{"line":49,"column":37},"end":{"line":51,"column":3}}}},"branchMap":{"0":{"loc":{"start":{"line":26,"column":6},"end":{"line":26,"column":37}},"type":"binary-expr","locations":[{"start":{"line":26,"column":6},"end":{"line":26,"column":14}},{"start":{"line":26,"column":18},"end":{"line":26,"column":37}}]},"1":{"loc":{"start":{"line":30,"column":6},"end":{"line":30,"column":30}},"type":"binary-expr","locations":[{"start":{"line":30,"column":6},"end":{"line":30,"column":22}},{"start":{"line":30,"column":26},"end":{"line":30,"column":30}}]},"2":{"loc":{"start":{"line":31,"column":6},"end":{"line":31,"column":35}},"type":"binary-expr","locations":[{"start":{"line":31,"column":6},"end":{"line":31,"column":21}},{"start":{"line":31,"column":25},"end":{"line":31,"column":35}}]},"3":{"loc":{"start":{"line":32,"column":6},"end":{"line":32,"column":35}},"type":"binary-expr","locations":[{"start":{"line":32,"column":6},"end":{"line":32,"column":21}},{"start":{"line":32,"column":25},"end":{"line":32,"column":35}}]},"4":{"loc":{"start":{"line":33,"column":6},"end":{"line":33,"column":29}},"type":"binary-expr","locations":[{"start":{"line":33,"column":6},"end":{"line":33,"column":21}},{"start":{"line":33,"column":25},"end":{"line":33,"column":29}}]}},"s":{"0":47,"1":47,"2":47,"3":47,"4":47,"5":47,"6":47,"7":47,"8":47,"9":2,"10":19,"11":2},"f":{"0":47,"1":47,"2":2,"3":19,"4":2},"b":{"0":[47,11],"1":[47,25],"2":[47,33],"3":[47,31],"4":[47,47]}}
,"/home/magnus/developments/projects/code_dragon/backend/src/infra/database/prisma/quiz-question.prisma.repository.ts": {"path":"/home/magnus/developments/projects/code_dragon/backend/src/infra/database/prisma/quiz-question.prisma.repository.ts","statementMap":{"0":{"start":{"line":7,"column":7},"end":{"line":45,"column":null}},"1":{"start":{"line":9,"column":21},"end":{"line":22,"column":6}},"2":{"start":{"line":24,"column":4},"end":{"line":24,"column":29}},"3":{"start":{"line":28,"column":21},"end":{"line":41,"column":6}},"4":{"start":{"line":29,"column":32},"end":{"line":40,"column":8}},"5":{"start":{"line":43,"column":4},"end":{"line":43,"column":49}},"6":{"start":{"line":43,"column":34},"end":{"line":43,"column":47}},"7":{"start":{"line":7,"column":13},"end":{"line":45,"column":null}}},"fnMap":{"0":{"name":"(anonymous_1)","decl":{"start":{"line":8,"column":2},"end":{"line":8,"column":7}},"loc":{"start":{"line":8,"column":33},"end":{"line":25,"column":3}}},"1":{"name":"(anonymous_2)","decl":{"start":{"line":27,"column":2},"end":{"line":27,"column":7}},"loc":{"start":{"line":27,"column":39},"end":{"line":44,"column":3}}},"2":{"name":"(anonymous_3)","decl":{"start":{"line":29,"column":21},"end":{"line":29,"column":22}},"loc":{"start":{"line":29,"column":32},"end":{"line":40,"column":8}}},"3":{"name":"(anonymous_4)","decl":{"start":{"line":43,"column":24},"end":{"line":43,"column":25}},"loc":{"start":{"line":43,"column":34},"end":{"line":43,"column":47}}}},"branchMap":{},"s":{"0":1,"1":1,"2":1,"3":1,"4":2,"5":1,"6":2,"7":1},"f":{"0":1,"1":1,"2":2,"3":2},"b":{}}
,"/home/magnus/developments/projects/code_dragon/backend/src/infra/database/prisma/token.prisma.repository.ts": {"path":"/home/magnus/developments/projects/code_dragon/backend/src/infra/database/prisma/token.prisma.repository.ts","statementMap":{"0":{"start":{"line":8,"column":7},"end":{"line":81,"column":null}},"1":{"start":{"line":10,"column":21},"end":{"line":12,"column":6}},"2":{"start":{"line":14,"column":4},"end":{"line":14,"column":29}},"3":{"start":{"line":18,"column":21},"end":{"line":23,"column":6}},"4":{"start":{"line":25,"column":4},"end":{"line":25,"column":29}},"5":{"start":{"line":29,"column":4},"end":{"line":33,"column":7}},"6":{"start":{"line":37,"column":21},"end":{"line":41,"column":6}},"7":{"start":{"line":43,"column":4},"end":{"line":43,"column":47}},"8":{"start":{"line":47,"column":21},"end":{"line":51,"column":6}},"9":{"start":{"line":53,"column":4},"end":{"line":53,"column":51}},"10":{"start":{"line":53,"column":35},"end":{"line":53,"column":49}},"11":{"start":{"line":57,"column":21},"end":{"line":57,"column":50}},"12":{"start":{"line":59,"column":4},"end":{"line":59,"column":51}},"13":{"start":{"line":59,"column":35},"end":{"line":59,"column":49}},"14":{"start":{"line":66,"column":4},"end":{"line":79,"column":5}},"15":{"start":{"line":67,"column":6},"end":{"line":76,"column":9}},"16":{"start":{"line":68,"column":8},"end":{"line":72,"column":11}},"17":{"start":{"line":73,"column":8},"end":{"line":75,"column":11}},"18":{"start":{"line":78,"column":6},"end":{"line":78,"column":38}},"19":{"start":{"line":8,"column":13},"end":{"line":81,"column":null}}},"fnMap":{"0":{"name":"(anonymous_1)","decl":{"start":{"line":9,"column":2},"end":{"line":9,"column":7}},"loc":{"start":{"line":9,"column":26},"end":{"line":15,"column":3}}},"1":{"name":"(anonymous_2)","decl":{"start":{"line":17,"column":2},"end":{"line":17,"column":7}},"loc":{"start":{"line":17,"column":26},"end":{"line":26,"column":3}}},"2":{"name":"(anonymous_3)","decl":{"start":{"line":28,"column":2},"end":{"line":28,"column":7}},"loc":{"start":{"line":28,"column":25},"end":{"line":34,"column":3}}},"3":{"name":"(anonymous_4)","decl":{"start":{"line":36,"column":2},"end":{"line":36,"column":7}},"loc":{"start":{"line":36,"column":27},"end":{"line":44,"column":3}}},"4":{"name":"(anonymous_5)","decl":{"start":{"line":46,"column":2},"end":{"line":46,"column":7}},"loc":{"start":{"line":46,"column":35},"end":{"line":54,"column":3}}},"5":{"name":"(anonymous_6)","decl":{"start":{"line":53,"column":24},"end":{"line":53,"column":25}},"loc":{"start":{"line":53,"column":35},"end":{"line":53,"column":49}}},"6":{"name":"(anonymous_7)","decl":{"start":{"line":56,"column":2},"end":{"line":56,"column":7}},"loc":{"start":{"line":56,"column":15},"end":{"line":60,"column":3}}},"7":{"name":"(anonymous_8)","decl":{"start":{"line":59,"column":24},"end":{"line":59,"column":25}},"loc":{"start":{"line":59,"column":35},"end":{"line":59,"column":49}}},"8":{"name":"(anonymous_9)","decl":{"start":{"line":62,"column":2},"end":{"line":62,"column":7}},"loc":{"start":{"line":64,"column":16},"end":{"line":80,"column":3}}},"9":{"name":"(anonymous_10)","decl":{"start":{"line":67,"column":39},"end":{"line":67,"column":44}},"loc":{"start":{"line":67,"column":52},"end":{"line":76,"column":7}}}},"branchMap":{"0":{"loc":{"start":{"line":43,"column":11},"end":{"line":43,"column":46}},"type":"cond-expr","locations":[{"start":{"line":43,"column":22},"end":{"line":43,"column":39}},{"start":{"line":43,"column":42},"end":{"line":43,"column":46}}]}},"s":{"0":1,"1":1,"2":1,"3":1,"4":1,"5":1,"6":1,"7":1,"8":1,"9":1,"10":1,"11":1,"12":1,"13":1,"14":2,"15":2,"16":1,"17":1,"18":1,"19":1},"f":{"0":1,"1":1,"2":1,"3":1,"4":1,"5":1,"6":1,"7":1,"8":2,"9":1},"b":{"0":[0,1]}}
,"/home/magnus/developments/projects/code_dragon/backend/src/infra/database/prisma/user.prisma.repository.ts": {"path":"/home/magnus/developments/projects/code_dragon/backend/src/infra/database/prisma/user.prisma.repository.ts","statementMap":{"0":{"start":{"line":8,"column":7},"end":{"line":68,"column":null}},"1":{"start":{"line":10,"column":4},"end":{"line":21,"column":5}},"2":{"start":{"line":11,"column":23},"end":{"line":13,"column":8}},"3":{"start":{"line":15,"column":6},"end":{"line":15,"column":31}},"4":{"start":{"line":17,"column":6},"end":{"line":19,"column":7}},"5":{"start":{"line":18,"column":8},"end":{"line":18,"column":56}},"6":{"start":{"line":20,"column":6},"end":{"line":20,"column":18}},"7":{"start":{"line":25,"column":21},"end":{"line":30,"column":6}},"8":{"start":{"line":32,"column":4},"end":{"line":32,"column":29}},"9":{"start":{"line":36,"column":4},"end":{"line":40,"column":7}},"10":{"start":{"line":44,"column":21},"end":{"line":48,"column":6}},"11":{"start":{"line":50,"column":4},"end":{"line":50,"column":47}},"12":{"start":{"line":54,"column":21},"end":{"line":54,"column":49}},"13":{"start":{"line":56,"column":4},"end":{"line":56,"column":49}},"14":{"start":{"line":56,"column":34},"end":{"line":56,"column":47}},"15":{"start":{"line":60,"column":21},"end":{"line":64,"column":6}},"16":{"start":{"line":66,"column":4},"end":{"line":66,"column":47}},"17":{"start":{"line":8,"column":13},"end":{"line":68,"column":null}}},"fnMap":{"0":{"name":"(anonymous_1)","decl":{"start":{"line":9,"column":2},"end":{"line":9,"column":7}},"loc":{"start":{"line":9,"column":25},"end":{"line":22,"column":3}}},"1":{"name":"(anonymous_2)","decl":{"start":{"line":24,"column":2},"end":{"line":24,"column":7}},"loc":{"start":{"line":24,"column":25},"end":{"line":33,"column":3}}},"2":{"name":"(anonymous_3)","decl":{"start":{"line":35,"column":2},"end":{"line":35,"column":7}},"loc":{"start":{"line":35,"column":25},"end":{"line":41,"column":3}}},"3":{"name":"(anonymous_4)","decl":{"start":{"line":43,"column":2},"end":{"line":43,"column":7}},"loc":{"start":{"line":43,"column":27},"end":{"line":51,"column":3}}},"4":{"name":"(anonymous_5)","decl":{"start":{"line":53,"column":2},"end":{"line":53,"column":7}},"loc":{"start":{"line":53,"column":15},"end":{"line":57,"column":3}}},"5":{"name":"(anonymous_6)","decl":{"start":{"line":56,"column":24},"end":{"line":56,"column":25}},"loc":{"start":{"line":56,"column":34},"end":{"line":56,"column":47}}},"6":{"name":"(anonymous_7)","decl":{"start":{"line":59,"column":2},"end":{"line":59,"column":7}},"loc":{"start":{"line":59,"column":33},"end":{"line":67,"column":3}}}},"branchMap":{"0":{"loc":{"start":{"line":17,"column":6},"end":{"line":19,"column":7}},"type":"if","locations":[{"start":{"line":17,"column":6},"end":{"line":19,"column":7}},{"start":{},"end":{}}]},"1":{"loc":{"start":{"line":50,"column":11},"end":{"line":50,"column":46}},"type":"cond-expr","locations":[{"start":{"line":50,"column":22},"end":{"line":50,"column":39}},{"start":{"line":50,"column":42},"end":{"line":50,"column":46}}]},"2":{"loc":{"start":{"line":66,"column":11},"end":{"line":66,"column":46}},"type":"cond-expr","locations":[{"start":{"line":66,"column":22},"end":{"line":66,"column":39}},{"start":{"line":66,"column":42},"end":{"line":66,"column":46}}]}},"s":{"0":1,"1":3,"2":3,"3":1,"4":2,"5":1,"6":1,"7":1,"8":1,"9":1,"10":1,"11":1,"12":1,"13":1,"14":1,"15":1,"16":1,"17":1},"f":{"0":3,"1":1,"2":1,"3":1,"4":1,"5":1,"6":1},"b":{"0":[1,1],"1":[0,1],"2":[1,0]}}
,"/home/magnus/developments/projects/code_dragon/backend/src/infra/database/prisma/auth/create-user-with-email-token.prisma.repository.ts": {"path":"/home/magnus/developments/projects/code_dragon/backend/src/infra/database/prisma/auth/create-user-with-email-token.prisma.repository.ts","statementMap":{"0":{"start":{"line":10,"column":7},"end":{"line":32,"column":null}},"1":{"start":{"line":12,"column":4},"end":{"line":30,"column":5}},"2":{"start":{"line":13,"column":6},"end":{"line":21,"column":9}},"3":{"start":{"line":14,"column":28},"end":{"line":16,"column":10}},"4":{"start":{"line":17,"column":8},"end":{"line":19,"column":11}},"5":{"start":{"line":20,"column":8},"end":{"line":20,"column":36}},"6":{"start":{"line":23,"column":6},"end":{"line":28,"column":7}},"7":{"start":{"line":27,"column":8},"end":{"line":27,"column":56}},"8":{"start":{"line":29,"column":6},"end":{"line":29,"column":38}},"9":{"start":{"line":10,"column":13},"end":{"line":32,"column":null}}},"fnMap":{"0":{"name":"(anonymous_1)","decl":{"start":{"line":11,"column":2},"end":{"line":11,"column":7}},"loc":{"start":{"line":11,"column":40},"end":{"line":31,"column":3}}},"1":{"name":"(anonymous_2)","decl":{"start":{"line":13,"column":39},"end":{"line":13,"column":44}},"loc":{"start":{"line":13,"column":52},"end":{"line":21,"column":7}}}},"branchMap":{"0":{"loc":{"start":{"line":23,"column":6},"end":{"line":28,"column":7}},"type":"if","locations":[{"start":{"line":23,"column":6},"end":{"line":28,"column":7}},{"start":{},"end":{}}]},"1":{"loc":{"start":{"line":24,"column":8},"end":{"line":25,"column":30}},"type":"binary-expr","locations":[{"start":{"line":24,"column":8},"end":{"line":24,"column":54}},{"start":{"line":25,"column":8},"end":{"line":25,"column":30}}]}},"s":{"0":1,"1":3,"2":3,"3":1,"4":1,"5":1,"6":2,"7":1,"8":1,"9":1},"f":{"0":3,"1":1},"b":{"0":[1,1],"1":[2,1]}}
,"/home/magnus/developments/projects/code_dragon/backend/src/infra/database/prisma/auth/get-me.prisma.repository.ts": {"path":"/home/magnus/developments/projects/code_dragon/backend/src/infra/database/prisma/auth/get-me.prisma.repository.ts","statementMap":{"0":{"start":{"line":8,"column":7},"end":{"line":32,"column":null}},"1":{"start":{"line":13,"column":19},"end":{"line":28,"column":6}},"2":{"start":{"line":14,"column":19},"end":{"line":16,"column":8}},"3":{"start":{"line":18,"column":6},"end":{"line":18,"column":29}},"4":{"start":{"line":18,"column":17},"end":{"line":18,"column":29}},"5":{"start":{"line":20,"column":22},"end":{"line":22,"column":8}},"6":{"start":{"line":24,"column":6},"end":{"line":27,"column":8}},"7":{"start":{"line":30,"column":4},"end":{"line":30,"column":18}},"8":{"start":{"line":8,"column":13},"end":{"line":32,"column":null}}},"fnMap":{"0":{"name":"(anonymous_1)","decl":{"start":{"line":9,"column":2},"end":{"line":9,"column":7}},"loc":{"start":{"line":9,"column":30},"end":{"line":31,"column":3}}},"1":{"name":"(anonymous_2)","decl":{"start":{"line":13,"column":45},"end":{"line":13,"column":50}},"loc":{"start":{"line":13,"column":58},"end":{"line":28,"column":5}}}},"branchMap":{"0":{"loc":{"start":{"line":18,"column":6},"end":{"line":18,"column":29}},"type":"if","locations":[{"start":{"line":18,"column":6},"end":{"line":18,"column":29}},{"start":{},"end":{}}]},"1":{"loc":{"start":{"line":26,"column":17},"end":{"line":26,"column":50}},"type":"cond-expr","locations":[{"start":{"line":26,"column":27},"end":{"line":26,"column":43}},{"start":{"line":26,"column":46},"end":{"line":26,"column":50}}]}},"s":{"0":1,"1":3,"2":3,"3":3,"4":1,"5":2,"6":2,"7":3,"8":1},"f":{"0":3,"1":3},"b":{"0":[1,2],"1":[1,1]}}
,"/home/magnus/developments/projects/code_dragon/backend/src/infra/database/prisma/auth/reset-password.prisma.repository.ts": {"path":"/home/magnus/developments/projects/code_dragon/backend/src/infra/database/prisma/auth/reset-password.prisma.repository.ts","statementMap":{"0":{"start":{"line":8,"column":7},"end":{"line":31,"column":null}},"1":{"start":{"line":10,"column":4},"end":{"line":29,"column":5}},"2":{"start":{"line":11,"column":6},"end":{"line":25,"column":9}},"3":{"start":{"line":13,"column":8},"end":{"line":19,"column":11}},"4":{"start":{"line":22,"column":8},"end":{"line":24,"column":11}},"5":{"start":{"line":27,"column":6},"end":{"line":27,"column":27}},"6":{"start":{"line":28,"column":6},"end":{"line":28,"column":76}},"7":{"start":{"line":8,"column":13},"end":{"line":31,"column":null}}},"fnMap":{"0":{"name":"(anonymous_1)","decl":{"start":{"line":9,"column":2},"end":{"line":9,"column":7}},"loc":{"start":{"line":9,"column":43},"end":{"line":30,"column":3}}},"1":{"name":"(anonymous_2)","decl":{"start":{"line":11,"column":32},"end":{"line":11,"column":37}},"loc":{"start":{"line":11,"column":45},"end":{"line":25,"column":7}}}},"branchMap":{},"s":{"0":1,"1":2,"2":2,"3":1,"4":1,"5":1,"6":1,"7":1},"f":{"0":2,"1":1},"b":{}}
,"/home/magnus/developments/projects/code_dragon/backend/src/infra/database/prisma/profile/create-profile-with-stacks.repository.ts": {"path":"/home/magnus/developments/projects/code_dragon/backend/src/infra/database/prisma/profile/create-profile-with-stacks.repository.ts","statementMap":{"0":{"start":{"line":10,"column":7},"end":{"line":50,"column":null}},"1":{"start":{"line":12,"column":4},"end":{"line":48,"column":5}},"2":{"start":{"line":13,"column":6},"end":{"line":40,"column":9}},"3":{"start":{"line":14,"column":56},"end":{"line":14,"column":62}},"4":{"start":{"line":15,"column":24},"end":{"line":17,"column":10}},"5":{"start":{"line":19,"column":8},"end":{"line":24,"column":11}},"6":{"start":{"line":20,"column":50},"end":{"line":23,"column":12}},"7":{"start":{"line":26,"column":8},"end":{"line":37,"column":11}},"8":{"start":{"line":39,"column":8},"end":{"line":39,"column":32}},"9":{"start":{"line":42,"column":6},"end":{"line":46,"column":7}},"10":{"start":{"line":43,"column":8},"end":{"line":45,"column":9}},"11":{"start":{"line":44,"column":10},"end":{"line":44,"column":74}},"12":{"start":{"line":47,"column":6},"end":{"line":47,"column":62}},"13":{"start":{"line":10,"column":13},"end":{"line":50,"column":null}}},"fnMap":{"0":{"name":"(anonymous_1)","decl":{"start":{"line":11,"column":2},"end":{"line":11,"column":7}},"loc":{"start":{"line":11,"column":46},"end":{"line":49,"column":3}}},"1":{"name":"(anonymous_2)","decl":{"start":{"line":13,"column":39},"end":{"line":13,"column":44}},"loc":{"start":{"line":13,"column":52},"end":{"line":40,"column":7}}},"2":{"name":"(anonymous_3)","decl":{"start":{"line":20,"column":36},"end":{"line":20,"column":37}},"loc":{"start":{"line":20,"column":50},"end":{"line":23,"column":12}}}},"branchMap":{"0":{"loc":{"start":{"line":42,"column":6},"end":{"line":46,"column":7}},"type":"if","locations":[{"start":{"line":42,"column":6},"end":{"line":46,"column":7}},{"start":{},"end":{}}]},"1":{"loc":{"start":{"line":43,"column":8},"end":{"line":45,"column":9}},"type":"if","locations":[{"start":{"line":43,"column":8},"end":{"line":45,"column":9}},{"start":{},"end":{}}]}},"s":{"0":1,"1":3,"2":3,"3":1,"4":1,"5":1,"6":2,"7":1,"8":1,"9":2,"10":1,"11":1,"12":1,"13":1},"f":{"0":3,"1":1,"2":2},"b":{"0":[1,1],"1":[1,0]}}
,"/home/magnus/developments/projects/code_dragon/backend/src/infra/database/prisma/profile/get-onboarding-options.repository.ts": {"path":"/home/magnus/developments/projects/code_dragon/backend/src/infra/database/prisma/profile/get-onboarding-options.repository.ts","statementMap":{"0":{"start":{"line":9,"column":7},"end":{"line":28,"column":null}},"1":{"start":{"line":12,"column":6},"end":{"line":18,"column":8}},"2":{"start":{"line":20,"column":4},"end":{"line":26,"column":6}},"3":{"start":{"line":21,"column":42},"end":{"line":21,"column":52}},"4":{"start":{"line":22,"column":42},"end":{"line":22,"column":52}},"5":{"start":{"line":23,"column":52},"end":{"line":23,"column":62}},"6":{"start":{"line":24,"column":38},"end":{"line":24,"column":48}},"7":{"start":{"line":25,"column":32},"end":{"line":25,"column":42}},"8":{"start":{"line":9,"column":13},"end":{"line":28,"column":null}}},"fnMap":{"0":{"name":"(anonymous_1)","decl":{"start":{"line":10,"column":2},"end":{"line":10,"column":7}},"loc":{"start":{"line":10,"column":15},"end":{"line":27,"column":3}}},"1":{"name":"(anonymous_2)","decl":{"start":{"line":21,"column":35},"end":{"line":21,"column":36}},"loc":{"start":{"line":21,"column":42},"end":{"line":21,"column":52}}},"2":{"name":"(anonymous_3)","decl":{"start":{"line":22,"column":35},"end":{"line":22,"column":36}},"loc":{"start":{"line":22,"column":42},"end":{"line":22,"column":52}}},"3":{"name":"(anonymous_4)","decl":{"start":{"line":23,"column":45},"end":{"line":23,"column":46}},"loc":{"start":{"line":23,"column":52},"end":{"line":23,"column":62}}},"4":{"name":"(anonymous_5)","decl":{"start":{"line":24,"column":31},"end":{"line":24,"column":32}},"loc":{"start":{"line":24,"column":38},"end":{"line":24,"column":48}}},"5":{"name":"(anonymous_6)","decl":{"start":{"line":25,"column":25},"end":{"line":25,"column":26}},"loc":{"start":{"line":25,"column":32},"end":{"line":25,"column":42}}}},"branchMap":{},"s":{"0":1,"1":2,"2":1,"3":1,"4":1,"5":1,"6":1,"7":1,"8":1},"f":{"0":2,"1":1,"2":1,"3":1,"4":1,"5":1},"b":{}}
,"/home/magnus/developments/projects/code_dragon/backend/src/infra/database/prisma/profile/get-profile-by-user-id.repository.ts": {"path":"/home/magnus/developments/projects/code_dragon/backend/src/infra/database/prisma/profile/get-profile-by-user-id.repository.ts","statementMap":{"0":{"start":{"line":9,"column":7},"end":{"line":42,"column":null}},"1":{"start":{"line":11,"column":20},"end":{"line":29,"column":6}},"2":{"start":{"line":31,"column":4},"end":{"line":33,"column":5}},"3":{"start":{"line":32,"column":6},"end":{"line":32,"column":18}},"4":{"start":{"line":35,"column":39},"end":{"line":35,"column":46}},"5":{"start":{"line":37,"column":4},"end":{"line":40,"column":6}},"6":{"start":{"line":39,"column":55},"end":{"line":39,"column":64}},"7":{"start":{"line":9,"column":13},"end":{"line":42,"column":null}}},"fnMap":{"0":{"name":"(anonymous_1)","decl":{"start":{"line":10,"column":2},"end":{"line":10,"column":7}},"loc":{"start":{"line":10,"column":30},"end":{"line":41,"column":3}}},"1":{"name":"(anonymous_2)","decl":{"start":{"line":39,"column":27},"end":{"line":39,"column":28}},"loc":{"start":{"line":39,"column":55},"end":{"line":39,"column":64}}}},"branchMap":{"0":{"loc":{"start":{"line":31,"column":4},"end":{"line":33,"column":5}},"type":"if","locations":[{"start":{"line":31,"column":4},"end":{"line":33,"column":5}},{"start":{},"end":{}}]}},"s":{"0":1,"1":3,"2":2,"3":1,"4":1,"5":1,"6":2,"7":1},"f":{"0":3,"1":2},"b":{"0":[1,1]}}
,"/home/magnus/developments/projects/code_dragon/backend/src/infra/database/prisma/profile/update-profile-with-stacks.repository.ts": {"path":"/home/magnus/developments/projects/code_dragon/backend/src/infra/database/prisma/profile/update-profile-with-stacks.repository.ts","statementMap":{"0":{"start":{"line":8,"column":7},"end":{"line":59,"column":null}},"1":{"start":{"line":13,"column":4},"end":{"line":57,"column":7}},"2":{"start":{"line":14,"column":51},"end":{"line":14,"column":57}},"3":{"start":{"line":16,"column":6},"end":{"line":56,"column":7}},"4":{"start":{"line":17,"column":24},"end":{"line":23,"column":10}},"5":{"start":{"line":25,"column":8},"end":{"line":27,"column":11}},"6":{"start":{"line":29,"column":8},"end":{"line":34,"column":11}},"7":{"start":{"line":30,"column":43},"end":{"line":33,"column":12}},"8":{"start":{"line":37,"column":8},"end":{"line":48,"column":11}},"9":{"start":{"line":50,"column":8},"end":{"line":50,"column":32}},"10":{"start":{"line":52,"column":8},"end":{"line":54,"column":9}},"11":{"start":{"line":53,"column":10},"end":{"line":53,"column":55}},"12":{"start":{"line":55,"column":8},"end":{"line":55,"column":20}},"13":{"start":{"line":8,"column":13},"end":{"line":59,"column":null}}},"fnMap":{"0":{"name":"(anonymous_1)","decl":{"start":{"line":9,"column":2},"end":{"line":9,"column":7}},"loc":{"start":{"line":12,"column":3},"end":{"line":58,"column":3}}},"1":{"name":"(anonymous_2)","decl":{"start":{"line":13,"column":37},"end":{"line":13,"column":42}},"loc":{"start":{"line":13,"column":50},"end":{"line":57,"column":5}}},"2":{"name":"(anonymous_3)","decl":{"start":{"line":30,"column":29},"end":{"line":30,"column":30}},"loc":{"start":{"line":30,"column":43},"end":{"line":33,"column":12}}}},"branchMap":{"0":{"loc":{"start":{"line":52,"column":8},"end":{"line":54,"column":9}},"type":"if","locations":[{"start":{"line":52,"column":8},"end":{"line":54,"column":9}},{"start":{},"end":{}}]}},"s":{"0":1,"1":3,"2":2,"3":2,"4":2,"5":1,"6":1,"7":2,"8":1,"9":1,"10":1,"11":1,"12":0,"13":1},"f":{"0":3,"1":2,"2":2},"b":{"0":[1,0]}}
,"/home/magnus/developments/projects/code_dragon/backend/src/infra/database/prisma/quiz/options/quiz-options.prisma.repository.ts": {"path":"/home/magnus/developments/projects/code_dragon/backend/src/infra/database/prisma/quiz/options/quiz-options.prisma.repository.ts","statementMap":{"0":{"start":{"line":9,"column":7},"end":{"line":42,"column":null}},"1":{"start":{"line":12,"column":6},"end":{"line":26,"column":8}},"2":{"start":{"line":28,"column":4},"end":{"line":40,"column":6}},"3":{"start":{"line":29,"column":48},"end":{"line":29,"column":58}},"4":{"start":{"line":30,"column":44},"end":{"line":30,"column":54}},"5":{"start":{"line":31,"column":42},"end":{"line":31,"column":52}},"6":{"start":{"line":33,"column":8},"end":{"line":37,"column":10}},"7":{"start":{"line":35,"column":25},"end":{"line":35,"column":48}},"8":{"start":{"line":39,"column":32},"end":{"line":39,"column":42}},"9":{"start":{"line":9,"column":13},"end":{"line":42,"column":null}}},"fnMap":{"0":{"name":"(anonymous_1)","decl":{"start":{"line":10,"column":2},"end":{"line":10,"column":7}},"loc":{"start":{"line":10,"column":15},"end":{"line":41,"column":3}}},"1":{"name":"(anonymous_2)","decl":{"start":{"line":29,"column":41},"end":{"line":29,"column":42}},"loc":{"start":{"line":29,"column":48},"end":{"line":29,"column":58}}},"2":{"name":"(anonymous_3)","decl":{"start":{"line":30,"column":37},"end":{"line":30,"column":38}},"loc":{"start":{"line":30,"column":44},"end":{"line":30,"column":54}}},"3":{"name":"(anonymous_4)","decl":{"start":{"line":31,"column":35},"end":{"line":31,"column":36}},"loc":{"start":{"line":31,"column":42},"end":{"line":31,"column":52}}},"4":{"name":"(anonymous_5)","decl":{"start":{"line":32,"column":35},"end":{"line":32,"column":36}},"loc":{"start":{"line":33,"column":8},"end":{"line":37,"column":10}}},"5":{"name":"(anonymous_6)","decl":{"start":{"line":35,"column":12},"end":{"line":35,"column":13}},"loc":{"start":{"line":35,"column":25},"end":{"line":35,"column":48}}},"6":{"name":"(anonymous_7)","decl":{"start":{"line":39,"column":25},"end":{"line":39,"column":26}},"loc":{"start":{"line":39,"column":32},"end":{"line":39,"column":42}}}},"branchMap":{"0":{"loc":{"start":{"line":34,"column":21},"end":{"line":34,"column":41}},"type":"binary-expr","locations":[{"start":{"line":34,"column":21},"end":{"line":34,"column":35}},{"start":{"line":34,"column":39},"end":{"line":34,"column":41}}]}},"s":{"0":1,"1":3,"2":2,"3":1,"4":1,"5":1,"6":1,"7":0,"8":1,"9":1},"f":{"0":3,"1":1,"2":1,"3":1,"4":1,"5":0,"6":1},"b":{"0":[1,1]}}
,"/home/magnus/developments/projects/code_dragon/backend/src/infra/database/prisma/quiz/questions/get-quiz-context.prisma.repository.ts": {"path":"/home/magnus/developments/projects/code_dragon/backend/src/infra/database/prisma/quiz/questions/get-quiz-context.prisma.repository.ts","statementMap":{"0":{"start":{"line":11,"column":7},"end":{"line":49,"column":null}},"1":{"start":{"line":15,"column":4},"end":{"line":47,"column":7}},"2":{"start":{"line":17,"column":8},"end":{"line":33,"column":10}},"3":{"start":{"line":35,"column":6},"end":{"line":35,"column":79}},"4":{"start":{"line":35,"column":26},"end":{"line":35,"column":79}},"5":{"start":{"line":36,"column":6},"end":{"line":36,"column":70}},"6":{"start":{"line":36,"column":22},"end":{"line":36,"column":70}},"7":{"start":{"line":37,"column":6},"end":{"line":37,"column":70}},"8":{"start":{"line":37,"column":22},"end":{"line":37,"column":70}},"9":{"start":{"line":38,"column":6},"end":{"line":38,"column":76}},"10":{"start":{"line":38,"column":31},"end":{"line":38,"column":76}},"11":{"start":{"line":40,"column":6},"end":{"line":46,"column":8}},"12":{"start":{"line":42,"column":46},"end":{"line":42,"column":56}},"13":{"start":{"line":45,"column":34},"end":{"line":45,"column":44}},"14":{"start":{"line":11,"column":13},"end":{"line":49,"column":null}}},"fnMap":{"0":{"name":"(anonymous_1)","decl":{"start":{"line":12,"column":2},"end":{"line":12,"column":7}},"loc":{"start":{"line":13,"column":48},"end":{"line":48,"column":3}}},"1":{"name":"(anonymous_2)","decl":{"start":{"line":15,"column":37},"end":{"line":15,"column":42}},"loc":{"start":{"line":15,"column":50},"end":{"line":47,"column":5}}},"2":{"name":"(anonymous_3)","decl":{"start":{"line":42,"column":39},"end":{"line":42,"column":40}},"loc":{"start":{"line":42,"column":46},"end":{"line":42,"column":56}}},"3":{"name":"(anonymous_4)","decl":{"start":{"line":45,"column":27},"end":{"line":45,"column":28}},"loc":{"start":{"line":45,"column":34},"end":{"line":45,"column":44}}}},"branchMap":{"0":{"loc":{"start":{"line":22,"column":31},"end":{"line":22,"column":56}},"type":"binary-expr","locations":[{"start":{"line":22,"column":31},"end":{"line":22,"column":50}},{"start":{"line":22,"column":54},"end":{"line":22,"column":56}}]},"1":{"loc":{"start":{"line":35,"column":6},"end":{"line":35,"column":79}},"type":"if","locations":[{"start":{"line":35,"column":6},"end":{"line":35,"column":79}},{"start":{},"end":{}}]},"2":{"loc":{"start":{"line":36,"column":6},"end":{"line":36,"column":70}},"type":"if","locations":[{"start":{"line":36,"column":6},"end":{"line":36,"column":70}},{"start":{},"end":{}}]},"3":{"loc":{"start":{"line":37,"column":6},"end":{"line":37,"column":70}},"type":"if","locations":[{"start":{"line":37,"column":6},"end":{"line":37,"column":70}},{"start":{},"end":{}}]},"4":{"loc":{"start":{"line":38,"column":6},"end":{"line":38,"column":76}},"type":"if","locations":[{"start":{"line":38,"column":6},"end":{"line":38,"column":76}},{"start":{},"end":{}}]}},"s":{"0":1,"1":5,"2":5,"3":5,"4":1,"5":4,"6":1,"7":3,"8":1,"9":2,"10":1,"11":1,"12":1,"13":1,"14":1},"f":{"0":5,"1":5,"2":1,"3":1},"b":{"0":[5,0],"1":[1,4],"2":[1,3],"3":[1,2],"4":[1,1]}}
,"/home/magnus/developments/projects/code_dragon/backend/src/infra/database/redis/redis-onboarding-options.repository.ts": {"path":"/home/magnus/developments/projects/code_dragon/backend/src/infra/database/redis/redis-onboarding-options.repository.ts","statementMap":{"0":{"start":{"line":7,"column":7},"end":{"line":25,"column":null}},"1":{"start":{"line":9,"column":18},"end":{"line":9,"column":65}},"2":{"start":{"line":10,"column":4},"end":{"line":10,"column":44}},"3":{"start":{"line":14,"column":4},"end":{"line":18,"column":6}},"4":{"start":{"line":22,"column":19},"end":{"line":22,"column":69}},"5":{"start":{"line":23,"column":4},"end":{"line":23,"column":24}},"6":{"start":{"line":7,"column":13},"end":{"line":25,"column":null}}},"fnMap":{"0":{"name":"(anonymous_1)","decl":{"start":{"line":8,"column":2},"end":{"line":8,"column":7}},"loc":{"start":{"line":8,"column":11},"end":{"line":11,"column":3}}},"1":{"name":"(anonymous_2)","decl":{"start":{"line":13,"column":2},"end":{"line":13,"column":7}},"loc":{"start":{"line":13,"column":57},"end":{"line":19,"column":3}}},"2":{"name":"(anonymous_3)","decl":{"start":{"line":21,"column":2},"end":{"line":21,"column":7}},"loc":{"start":{"line":21,"column":14},"end":{"line":24,"column":3}}}},"branchMap":{"0":{"loc":{"start":{"line":10,"column":11},"end":{"line":10,"column":43}},"type":"cond-expr","locations":[{"start":{"line":10,"column":19},"end":{"line":10,"column":36}},{"start":{"line":10,"column":39},"end":{"line":10,"column":43}}]}},"s":{"0":1,"1":2,"2":2,"3":1,"4":2,"5":2,"6":1},"f":{"0":2,"1":1,"2":2},"b":{"0":[1,1]}}
,"/home/magnus/developments/projects/code_dragon/backend/src/infra/http/middlewares/ensure-authenticated.middleware.ts": {"path":"/home/magnus/developments/projects/code_dragon/backend/src/infra/http/middlewares/ensure-authenticated.middleware.ts","statementMap":{"0":{"start":{"line":14,"column":7},"end":{"line":66,"column":null}},"1":{"start":{"line":17,"column":21},"end":{"line":17,"column":46}},"2":{"start":{"line":20,"column":21},"end":{"line":20,"column":50}},"3":{"start":{"line":28,"column":18},"end":{"line":28,"column":42}},"4":{"start":{"line":29,"column":4},"end":{"line":29,"column":80}},"5":{"start":{"line":29,"column":16},"end":{"line":29,"column":80}},"6":{"start":{"line":31,"column":20},"end":{"line":31,"column":68}},"7":{"start":{"line":32,"column":4},"end":{"line":32,"column":71}},"8":{"start":{"line":32,"column":18},"end":{"line":32,"column":71}},"9":{"start":{"line":34,"column":20},"end":{"line":34,"column":61}},"10":{"start":{"line":35,"column":19},"end":{"line":35,"column":40}},"11":{"start":{"line":38,"column":20},"end":{"line":38,"column":39}},"12":{"start":{"line":39,"column":26},"end":{"line":40,"column":null}},"13":{"start":{"line":43,"column":4},"end":{"line":45,"column":5}},"14":{"start":{"line":44,"column":6},"end":{"line":44,"column":64}},"15":{"start":{"line":47,"column":4},"end":{"line":47,"column":30}},"16":{"start":{"line":48,"column":4},"end":{"line":48,"column":11}},"17":{"start":{"line":56,"column":18},"end":{"line":56,"column":41}},"18":{"start":{"line":57,"column":4},"end":{"line":57,"column":79}},"19":{"start":{"line":57,"column":16},"end":{"line":57,"column":79}},"20":{"start":{"line":59,"column":20},"end":{"line":59,"column":67}},"21":{"start":{"line":60,"column":4},"end":{"line":60,"column":70}},"22":{"start":{"line":60,"column":18},"end":{"line":60,"column":70}},"23":{"start":{"line":62,"column":20},"end":{"line":62,"column":61}},"24":{"start":{"line":63,"column":4},"end":{"line":63,"column":45}},"25":{"start":{"line":64,"column":4},"end":{"line":64,"column":11}},"26":{"start":{"line":14,"column":13},"end":{"line":66,"column":null}}},"fnMap":{"0":{"name":"(anonymous_4)","decl":{"start":{"line":15,"column":2},"end":{"line":15,"column":null}},"loc":{"start":{"line":20,"column":50},"end":{"line":21,"column":6}}},"1":{"name":"(anonymous_5)","decl":{"start":{"line":23,"column":2},"end":{"line":23,"column":7}},"loc":{"start":{"line":26,"column":22},"end":{"line":49,"column":3}}},"2":{"name":"(anonymous_6)","decl":{"start":{"line":51,"column":2},"end":{"line":51,"column":7}},"loc":{"start":{"line":54,"column":22},"end":{"line":65,"column":3}}}},"branchMap":{"0":{"loc":{"start":{"line":29,"column":4},"end":{"line":29,"column":80}},"type":"if","locations":[{"start":{"line":29,"column":4},"end":{"line":29,"column":80}},{"start":{},"end":{}}]},"1":{"loc":{"start":{"line":32,"column":4},"end":{"line":32,"column":71}},"type":"if","locations":[{"start":{"line":32,"column":4},"end":{"line":32,"column":71}},{"start":{},"end":{}}]},"2":{"loc":{"start":{"line":43,"column":4},"end":{"line":45,"column":5}},"type":"if","locations":[{"start":{"line":43,"column":4},"end":{"line":45,"column":5}},{"start":{},"end":{}}]},"3":{"loc":{"start":{"line":57,"column":4},"end":{"line":57,"column":79}},"type":"if","locations":[{"start":{"line":57,"column":4},"end":{"line":57,"column":79}},{"start":{},"end":{}}]},"4":{"loc":{"start":{"line":60,"column":4},"end":{"line":60,"column":70}},"type":"if","locations":[{"start":{"line":60,"column":4},"end":{"line":60,"column":70}},{"start":{},"end":{}}]}},"s":{"0":1,"1":7,"2":7,"3":4,"4":4,"5":1,"6":3,"7":3,"8":1,"9":2,"10":2,"11":2,"12":2,"13":2,"14":1,"15":1,"16":1,"17":3,"18":3,"19":1,"20":2,"21":2,"22":1,"23":1,"24":1,"25":1,"26":1},"f":{"0":7,"1":4,"2":3},"b":{"0":[1,3],"1":[1,2],"2":[1,1],"3":[1,2],"4":[1,1]}}
,"/home/magnus/developments/projects/code_dragon/backend/src/infra/http/middlewares/error.middleware.ts": {"path":"/home/magnus/developments/projects/code_dragon/backend/src/infra/http/middlewares/error.middleware.ts","statementMap":{"0":{"start":{"line":11,"column":2},"end":{"line":11,"column":63}},"1":{"start":{"line":14,"column":2},"end":{"line":19,"column":3}},"2":{"start":{"line":15,"column":4},"end":{"line":18,"column":7}},"3":{"start":{"line":22,"column":2},"end":{"line":28,"column":3}},"4":{"start":{"line":23,"column":4},"end":{"line":27,"column":7}},"5":{"start":{"line":30,"column":16},"end":{"line":30,"column":48}},"6":{"start":{"line":31,"column":2},"end":{"line":38,"column":3}},"7":{"start":{"line":32,"column":4},"end":{"line":37,"column":5}},"8":{"start":{"line":33,"column":6},"end":{"line":36,"column":9}},"9":{"start":{"line":41,"column":2},"end":{"line":44,"column":5}}},"fnMap":{"0":{"name":"errorHandler","decl":{"start":{"line":5,"column":16},"end":{"line":5,"column":28}},"loc":{"start":{"line":9,"column":21},"end":{"line":45,"column":1}}}},"branchMap":{"0":{"loc":{"start":{"line":14,"column":2},"end":{"line":19,"column":3}},"type":"if","locations":[{"start":{"line":14,"column":2},"end":{"line":19,"column":3}},{"start":{},"end":{}}]},"1":{"loc":{"start":{"line":22,"column":2},"end":{"line":28,"column":3}},"type":"if","locations":[{"start":{"line":22,"column":2},"end":{"line":28,"column":3}},{"start":{},"end":{}}]},"2":{"loc":{"start":{"line":31,"column":2},"end":{"line":38,"column":3}},"type":"if","locations":[{"start":{"line":31,"column":2},"end":{"line":38,"column":3}},{"start":{},"end":{}}]},"3":{"loc":{"start":{"line":32,"column":4},"end":{"line":37,"column":5}},"type":"if","locations":[{"start":{"line":32,"column":4},"end":{"line":37,"column":5}},{"start":{},"end":{}}]}},"s":{"0":5,"1":5,"2":1,"3":4,"4":1,"5":3,"6":3,"7":2,"8":1,"9":2},"f":{"0":5},"b":{"0":[1,4],"1":[1,3],"2":[2,1],"3":[1,1]}}
,"/home/magnus/developments/projects/code_dragon/backend/src/infra/http/middlewares/rate-limit.middleware.ts": {"path":"/home/magnus/developments/projects/code_dragon/backend/src/infra/http/middlewares/rate-limit.middleware.ts","statementMap":{"0":{"start":{"line":14,"column":7},"end":{"line":50,"column":null}},"1":{"start":{"line":17,"column":21},"end":{"line":17,"column":50}},"2":{"start":{"line":21,"column":28},"end":{"line":21,"column":64}},"3":{"start":{"line":23,"column":4},"end":{"line":48,"column":6}},"4":{"start":{"line":28,"column":17},"end":{"line":28,"column":27}},"5":{"start":{"line":29,"column":6},"end":{"line":29,"column":55}},"6":{"start":{"line":29,"column":15},"end":{"line":29,"column":55}},"7":{"start":{"line":31,"column":21},"end":{"line":31,"column":53}},"8":{"start":{"line":33,"column":6},"end":{"line":35,"column":7}},"9":{"start":{"line":34,"column":8},"end":{"line":34,"column":45}},"10":{"start":{"line":37,"column":27},"end":{"line":37,"column":66}},"11":{"start":{"line":39,"column":6},"end":{"line":41,"column":7}},"12":{"start":{"line":40,"column":8},"end":{"line":40,"column":67}},"13":{"start":{"line":43,"column":6},"end":{"line":45,"column":7}},"14":{"start":{"line":44,"column":8},"end":{"line":44,"column":41}},"15":{"start":{"line":47,"column":6},"end":{"line":47,"column":13}},"16":{"start":{"line":14,"column":13},"end":{"line":50,"column":null}}},"fnMap":{"0":{"name":"(anonymous_4)","decl":{"start":{"line":15,"column":2},"end":{"line":15,"column":null}},"loc":{"start":{"line":17,"column":50},"end":{"line":18,"column":6}}},"1":{"name":"(anonymous_5)","decl":{"start":{"line":20,"column":2},"end":{"line":20,"column":8}},"loc":{"start":{"line":20,"column":28},"end":{"line":49,"column":3}}},"2":{"name":"(anonymous_6)","decl":{"start":{"line":23,"column":11},"end":{"line":23,"column":16}},"loc":{"start":{"line":27,"column":8},"end":{"line":48,"column":5}}}},"branchMap":{"0":{"loc":{"start":{"line":29,"column":6},"end":{"line":29,"column":55}},"type":"if","locations":[{"start":{"line":29,"column":6},"end":{"line":29,"column":55}},{"start":{},"end":{}}]},"1":{"loc":{"start":{"line":33,"column":6},"end":{"line":35,"column":7}},"type":"if","locations":[{"start":{"line":33,"column":6},"end":{"line":35,"column":7}},{"start":{},"end":{}}]},"2":{"loc":{"start":{"line":33,"column":10},"end":{"line":33,"column":49}},"type":"binary-expr","locations":[{"start":{"line":33,"column":10},"end":{"line":33,"column":26}},{"start":{"line":33,"column":30},"end":{"line":33,"column":49}}]},"3":{"loc":{"start":{"line":39,"column":6},"end":{"line":41,"column":7}},"type":"if","locations":[{"start":{"line":39,"column":6},"end":{"line":41,"column":7}},{"start":{},"end":{}}]},"4":{"loc":{"start":{"line":43,"column":6},"end":{"line":45,"column":7}},"type":"if","locations":[{"start":{"line":43,"column":6},"end":{"line":45,"column":7}},{"start":{},"end":{}}]}},"s":{"0":1,"1":4,"2":4,"3":4,"4":4,"5":4,"6":1,"7":3,"8":3,"9":1,"10":3,"11":3,"12":2,"13":3,"14":1,"15":2,"16":1},"f":{"0":4,"1":4,"2":4},"b":{"0":[1,3],"1":[1,2],"2":[3,1],"3":[2,1],"4":[1,2]}}
,"/home/magnus/developments/projects/code_dragon/backend/src/infra/http/middlewares/simple-rate-limit.middleware.ts": {"path":"/home/magnus/developments/projects/code_dragon/backend/src/infra/http/middlewares/simple-rate-limit.middleware.ts","statementMap":{"0":{"start":{"line":11,"column":4},"end":{"line":20,"column":7}},"1":{"start":{"line":17,"column":8},"end":{"line":17,"column":41}}},"fnMap":{"0":{"name":"(anonymous_0)","decl":{"start":{"line":10,"column":2},"end":{"line":10,"column":8}},"loc":{"start":{"line":10,"column":34},"end":{"line":21,"column":3}}},"1":{"name":"(anonymous_1)","decl":{"start":{"line":16,"column":15},"end":{"line":16,"column":16}},"loc":{"start":{"line":16,"column":37},"end":{"line":18,"column":7}}}},"branchMap":{},"s":{"0":2,"1":1},"f":{"0":2,"1":1},"b":{}}
,"/home/magnus/developments/projects/code_dragon/backend/src/infra/http/middlewares/validate.middleware.ts": {"path":"/home/magnus/developments/projects/code_dragon/backend/src/infra/http/middlewares/validate.middleware.ts","statementMap":{"0":{"start":{"line":5,"column":2},"end":{"line":20,"column":3}},"1":{"start":{"line":6,"column":2},"end":{"line":20,"column":3}},"2":{"start":{"line":7,"column":4},"end":{"line":19,"column":5}},"3":{"start":{"line":8,"column":22},"end":{"line":12,"column":8}},"4":{"start":{"line":14,"column":6},"end":{"line":14,"column":33}},"5":{"start":{"line":16,"column":6},"end":{"line":16,"column":20}},"6":{"start":{"line":18,"column":6},"end":{"line":18,"column":25}}},"fnMap":{"0":{"name":"(anonymous_0)","decl":{"start":{"line":5,"column":2},"end":{"line":5,"column":3}},"loc":{"start":{"line":6,"column":2},"end":{"line":20,"column":3}}},"1":{"name":"(anonymous_1)","decl":{"start":{"line":6,"column":2},"end":{"line":6,"column":7}},"loc":{"start":{"line":6,"column":70},"end":{"line":20,"column":3}}}},"branchMap":{},"s":{"0":1,"1":2,"2":2,"3":2,"4":1,"5":1,"6":1},"f":{"0":2,"1":2},"b":{}}
,"/home/magnus/developments/projects/code_dragon/backend/src/infra/providers/gemini.provider.ts": {"path":"/home/magnus/developments/projects/code_dragon/backend/src/infra/providers/gemini.provider.ts","statementMap":{"0":{"start":{"line":11,"column":11},"end":{"line":13,"column":2}},"1":{"start":{"line":16,"column":7},"end":{"line":119,"column":null}},"2":{"start":{"line":22,"column":4},"end":{"line":48,"column":5}},"3":{"start":{"line":23,"column":6},"end":{"line":23,"column":24}},"4":{"start":{"line":26,"column":8},"end":{"line":31,"column":47}},"5":{"start":{"line":33,"column":6},"end":{"line":39,"column":7}},"6":{"start":{"line":34,"column":8},"end":{"line":36,"column":10}},"7":{"start":{"line":37,"column":8},"end":{"line":37,"column":67}},"8":{"start":{"line":37,"column":39},"end":{"line":37,"column":65}},"9":{"start":{"line":38,"column":8},"end":{"line":38,"column":58}},"10":{"start":{"line":41,"column":6},"end":{"line":45,"column":7}},"11":{"start":{"line":42,"column":8},"end":{"line":44,"column":10}},"12":{"start":{"line":47,"column":6},"end":{"line":47,"column":18}},"13":{"start":{"line":54,"column":19},"end":{"line":91,"column":9}},"14":{"start":{"line":60,"column":46},"end":{"line":60,"column":76}},"15":{"start":{"line":63,"column":47},"end":{"line":63,"column":53}},"16":{"start":{"line":93,"column":21},"end":{"line":97,"column":null}},"17":{"start":{"line":94,"column":6},"end":{"line":97,"column":8}},"18":{"start":{"line":100,"column":16},"end":{"line":100,"column":37}},"19":{"start":{"line":101,"column":4},"end":{"line":102,"column":73}},"20":{"start":{"line":102,"column":6},"end":{"line":102,"column":73}},"21":{"start":{"line":104,"column":4},"end":{"line":117,"column":5}},"22":{"start":{"line":105,"column":21},"end":{"line":105,"column":36}},"23":{"start":{"line":107,"column":6},"end":{"line":114,"column":8}},"24":{"start":{"line":108,"column":16},"end":{"line":113,"column":10}},"25":{"start":{"line":116,"column":6},"end":{"line":116,"column":38}},"26":{"start":{"line":16,"column":13},"end":{"line":119,"column":null}}},"fnMap":{"0":{"name":"(anonymous_1)","decl":{"start":{"line":17,"column":10},"end":{"line":17,"column":15}},"loc":{"start":{"line":20,"column":16},"end":{"line":49,"column":3}}},"1":{"name":"(anonymous_2)","decl":{"start":{"line":37,"column":26},"end":{"line":37,"column":27}},"loc":{"start":{"line":37,"column":39},"end":{"line":37,"column":65}}},"2":{"name":"(anonymous_3)","decl":{"start":{"line":51,"column":2},"end":{"line":51,"column":7}},"loc":{"start":{"line":52,"column":52},"end":{"line":118,"column":3}}},"3":{"name":"(anonymous_4)","decl":{"start":{"line":60,"column":39},"end":{"line":60,"column":40}},"loc":{"start":{"line":60,"column":46},"end":{"line":60,"column":76}}},"4":{"name":"(anonymous_5)","decl":{"start":{"line":63,"column":40},"end":{"line":63,"column":41}},"loc":{"start":{"line":63,"column":47},"end":{"line":63,"column":53}}},"5":{"name":"(anonymous_6)","decl":{"start":{"line":93,"column":42},"end":{"line":93,"column":45}},"loc":{"start":{"line":94,"column":6},"end":{"line":97,"column":8}}},"6":{"name":"(anonymous_7)","decl":{"start":{"line":108,"column":8},"end":{"line":108,"column":9}},"loc":{"start":{"line":108,"column":16},"end":{"line":113,"column":10}}}},"branchMap":{"0":{"loc":{"start":{"line":19,"column":4},"end":{"line":19,"column":15}},"type":"default-arg","locations":[{"start":{"line":19,"column":14},"end":{"line":19,"column":15}}]},"1":{"loc":{"start":{"line":20,"column":4},"end":{"line":20,"column":16}},"type":"default-arg","locations":[{"start":{"line":20,"column":12},"end":{"line":20,"column":16}}]},"2":{"loc":{"start":{"line":26,"column":8},"end":{"line":31,"column":47}},"type":"binary-expr","locations":[{"start":{"line":26,"column":8},"end":{"line":26,"column":29}},{"start":{"line":27,"column":8},"end":{"line":27,"column":29}},{"start":{"line":28,"column":8},"end":{"line":28,"column":39}},{"start":{"line":29,"column":8},"end":{"line":29,"column":39}},{"start":{"line":30,"column":8},"end":{"line":30,"column":54}},{"start":{"line":31,"column":8},"end":{"line":31,"column":47}}]},"3":{"loc":{"start":{"line":33,"column":6},"end":{"line":39,"column":7}},"type":"if","locations":[{"start":{"line":33,"column":6},"end":{"line":39,"column":7}},{"start":{},"end":{}}]},"4":{"loc":{"start":{"line":33,"column":10},"end":{"line":33,"column":36}},"type":"binary-expr","locations":[{"start":{"line":33,"column":10},"end":{"line":33,"column":21}},{"start":{"line":33,"column":25},"end":{"line":33,"column":36}}]},"5":{"loc":{"start":{"line":35,"column":43},"end":{"line":35,"column":69}},"type":"binary-expr","locations":[{"start":{"line":35,"column":43},"end":{"line":35,"column":56}},{"start":{"line":35,"column":60},"end":{"line":35,"column":69}}]},"6":{"loc":{"start":{"line":41,"column":6},"end":{"line":45,"column":7}},"type":"if","locations":[{"start":{"line":41,"column":6},"end":{"line":45,"column":7}},{"start":{},"end":{}}]},"7":{"loc":{"start":{"line":60,"column":16},"end":{"line":60,"column":120}},"type":"binary-expr","locations":[{"start":{"line":60,"column":16},"end":{"line":60,"column":89}},{"start":{"line":60,"column":93},"end":{"line":60,"column":120}}]},"8":{"loc":{"start":{"line":101,"column":4},"end":{"line":102,"column":73}},"type":"if","locations":[{"start":{"line":101,"column":4},"end":{"line":102,"column":73}},{"start":{},"end":{}}]},"9":{"loc":{"start":{"line":112,"column":16},"end":{"line":112,"column":30}},"type":"binary-expr","locations":[{"start":{"line":112,"column":16},"end":{"line":112,"column":22}},{"start":{"line":112,"column":26},"end":{"line":112,"column":30}}]}},"s":{"0":1,"1":1,"2":16,"3":16,"4":9,"5":9,"6":7,"7":7,"8":7,"9":7,"10":2,"11":1,"12":1,"13":9,"14":8,"15":9,"16":9,"17":16,"18":7,"19":7,"20":1,"21":6,"22":6,"23":5,"24":2,"25":1,"26":1},"f":{"0":16,"1":7,"2":9,"3":8,"4":9,"5":16,"6":2},"b":{"0":[9],"1":[9],"2":[9,3,2,2,2,1],"3":[7,2],"4":[9,8],"5":[7,1],"6":[1,1],"7":[9,1],"8":[1,6],"9":[2,1]}}
,"/home/magnus/developments/projects/code_dragon/backend/src/infra/providers/hash.provider.ts": {"path":"/home/magnus/developments/projects/code_dragon/backend/src/infra/providers/hash.provider.ts","statementMap":{"0":{"start":{"line":6,"column":7},"end":{"line":16,"column":null}},"1":{"start":{"line":7,"column":34},"end":{"line":7,"column":36}},"2":{"start":{"line":10,"column":4},"end":{"line":10,"column":57}},"3":{"start":{"line":14,"column":4},"end":{"line":14,"column":47}},"4":{"start":{"line":6,"column":13},"end":{"line":16,"column":null}}},"fnMap":{"0":{"name":"(anonymous_1)","decl":{"start":{"line":9,"column":2},"end":{"line":9,"column":7}},"loc":{"start":{"line":9,"column":28},"end":{"line":11,"column":3}}},"1":{"name":"(anonymous_2)","decl":{"start":{"line":13,"column":2},"end":{"line":13,"column":7}},"loc":{"start":{"line":13,"column":45},"end":{"line":15,"column":3}}}},"branchMap":{},"s":{"0":1,"1":2,"2":1,"3":1,"4":1},"f":{"0":1,"1":1},"b":{}}
,"/home/magnus/developments/projects/code_dragon/backend/src/infra/providers/jwt.provider.ts": {"path":"/home/magnus/developments/projects/code_dragon/backend/src/infra/providers/jwt.provider.ts","statementMap":{"0":{"start":{"line":9,"column":7},"end":{"line":82,"column":null}},"1":{"start":{"line":11,"column":4},"end":{"line":13,"column":7}},"2":{"start":{"line":17,"column":4},"end":{"line":19,"column":7}},"3":{"start":{"line":23,"column":4},"end":{"line":25,"column":7}},"4":{"start":{"line":29,"column":4},"end":{"line":31,"column":7}},"5":{"start":{"line":35,"column":4},"end":{"line":40,"column":5}},"6":{"start":{"line":36,"column":6},"end":{"line":36,"column":45}},"7":{"start":{"line":37,"column":6},"end":{"line":37,"column":18}},"8":{"start":{"line":39,"column":6},"end":{"line":39,"column":19}},"9":{"start":{"line":44,"column":4},"end":{"line":49,"column":5}},"10":{"start":{"line":45,"column":6},"end":{"line":45,"column":46}},"11":{"start":{"line":46,"column":6},"end":{"line":46,"column":18}},"12":{"start":{"line":48,"column":6},"end":{"line":48,"column":19}},"13":{"start":{"line":53,"column":4},"end":{"line":58,"column":5}},"14":{"start":{"line":54,"column":6},"end":{"line":54,"column":56}},"15":{"start":{"line":55,"column":6},"end":{"line":55,"column":18}},"16":{"start":{"line":57,"column":6},"end":{"line":57,"column":19}},"17":{"start":{"line":62,"column":4},"end":{"line":67,"column":5}},"18":{"start":{"line":63,"column":6},"end":{"line":63,"column":52}},"19":{"start":{"line":64,"column":6},"end":{"line":64,"column":18}},"20":{"start":{"line":66,"column":6},"end":{"line":66,"column":19}},"21":{"start":{"line":73,"column":20},"end":{"line":73,"column":null}},"22":{"start":{"line":78,"column":4},"end":{"line":78,"column":65}},"23":{"start":{"line":78,"column":18},"end":{"line":78,"column":65}},"24":{"start":{"line":80,"column":4},"end":{"line":80,"column":47}},"25":{"start":{"line":9,"column":13},"end":{"line":82,"column":null}}},"fnMap":{"0":{"name":"(anonymous_1)","decl":{"start":{"line":10,"column":2},"end":{"line":10,"column":7}},"loc":{"start":{"line":10,"column":42},"end":{"line":14,"column":3}}},"1":{"name":"(anonymous_2)","decl":{"start":{"line":16,"column":2},"end":{"line":16,"column":7}},"loc":{"start":{"line":16,"column":43},"end":{"line":20,"column":3}}},"2":{"name":"(anonymous_3)","decl":{"start":{"line":22,"column":2},"end":{"line":22,"column":7}},"loc":{"start":{"line":22,"column":53},"end":{"line":26,"column":3}}},"3":{"name":"(anonymous_4)","decl":{"start":{"line":28,"column":2},"end":{"line":28,"column":7}},"loc":{"start":{"line":28,"column":49},"end":{"line":32,"column":3}}},"4":{"name":"(anonymous_5)","decl":{"start":{"line":34,"column":2},"end":{"line":34,"column":7}},"loc":{"start":{"line":34,"column":39},"end":{"line":41,"colum
[...]
,"/home/magnus/developments/projects/code_dragon/backend/src/modules/quiz/questions/questions.controller.ts": {"path":"/home/magnus/developments/projects/code_dragon/backend/src/modules/quiz/questions/questions.controller.ts","statementMap":{"0":{"start":{"line":6,"column":7},"end":{"line":25,"column":null}},"1":{"start":{"line":9,"column":21},"end":{"line":9,"column":77}},"2":{"start":{"line":16,"column":19},"end":{"line":16,"column":34}},"3":{"start":{"line":18,"column":22},"end":{"line":21,"column":6}},"4":{"start":{"line":23,"column":4},"end":{"line":23,"column":48}},"5":{"start":{"line":6,"column":13},"end":{"line":25,"column":null}}},"fnMap":{"0":{"name":"(anonymous_4)","decl":{"start":{"line":7,"column":2},"end":{"line":7,"column":null}},"loc":{"start":{"line":9,"column":77},"end":{"line":10,"column":6}}},"1":{"name":"(anonymous_5)","decl":{"start":{"line":12,"column":2},"end":{"line":12,"column":7}},"loc":{"start":{"line":14,"column":22},"end":{"line":24,"column":3}}}},"branchMap":{},"s":{"0":1,"1":4,"2":4,"3":4,"4":3,"5":1},"f":{"0":4,"1":4},"b":{}}
,"/home/magnus/developments/projects/code_dragon/backend/src/modules/quiz/questions/questions.mapper.ts": {"path":"/home/magnus/developments/projects/code_dragon/backend/src/modules/quiz/questions/questions.mapper.ts","statementMap":{"0":{"start":{"line":8,"column":2},"end":{"line":32,"column":4}},"1":{"start":{"line":14,"column":51},"end":{"line":18,"column":6}},"2":{"start":{"line":27,"column":39},"end":{"line":30,"column":6}}},"fnMap":{"0":{"name":"mapContextToGeminiInput","decl":{"start":{"line":4,"column":16},"end":{"line":4,"column":39}},"loc":{"start":{"line":6,"column":26},"end":{"line":33,"column":1}}},"1":{"name":"(anonymous_1)","decl":{"start":{"line":14,"column":43},"end":{"line":14,"column":44}},"loc":{"start":{"line":14,"column":51},"end":{"line":18,"column":6}}},"2":{"name":"(anonymous_2)","decl":{"start":{"line":27,"column":31},"end":{"line":27,"column":32}},"loc":{"start":{"line":27,"column":39},"end":{"line":30,"column":6}}}},"branchMap":{},"s":{"0":22,"1":28,"2":28},"f":{"0":22,"1":28,"2":28},"b":{}}
,"/home/magnus/developments/projects/code_dragon/backend/src/modules/quiz/questions/questions.schema.ts": {"path":"/home/magnus/developments/projects/code_dragon/backend/src/modules/quiz/questions/questions.schema.ts","statementMap":{"0":{"start":{"line":3,"column":42},"end":{"line":13,"column":2}}},"fnMap":{},"branchMap":{},"s":{"0":1},"f":{},"b":{}}
,"/home/magnus/developments/projects/code_dragon/backend/src/modules/quiz/questions/use-cases/generate-questions.ts": {"path":"/home/magnus/developments/projects/code_dragon/backend/src/modules/quiz/questions/use-cases/generate-questions.ts","statementMap":{"0":{"start":{"line":20,"column":7},"end":{"line":118,"column":null}},"1":{"start":{"line":23,"column":21},"end":{"line":23,"column":80}},"2":{"start":{"line":26,"column":21},"end":{"line":26,"column":110}},"3":{"start":{"line":29,"column":21},"end":{"line":29,"column":52}},"4":{"start":{"line":32,"column":21},"end":{"line":32,"column":68}},"5":{"start":{"line":35,"column":21},"end":{"line":35,"column":90}},"6":{"start":{"line":38,"column":21},"end":{"line":38,"column":86}},"7":{"start":{"line":41,"column":21},"end":{"line":41,"column":58}},"8":{"start":{"line":45,"column":4},"end":{"line":45,"column":59}},"9":{"start":{"line":45,"column":28},"end":{"line":45,"column":59}},"10":{"start":{"line":47,"column":20},"end":{"line":47,"column":67}},"11":{"start":{"line":48,"column":4},"end":{"line":50,"column":5}},"12":{"start":{"line":49,"column":6},"end":{"line":49,"column":64}},"13":{"start":{"line":52,"column":20},"end":{"line":55,"column":6}},"14":{"start":{"line":57,"column":24},"end":{"line":64,"column":6}},"15":{"start":{"line":67,"column":6},"end":{"line":72,"column":8}},"16":{"start":{"line":74,"column":29},"end":{"line":74,"column":30}},"17":{"start":{"line":75,"column":27},"end":{"line":75,"column":70}},"18":{"start":{"line":77,"column":20},"end":{"line":77,"column":69}},"19":{"start":{"line":78,"column":24},"end":{"line":78,"column":74}},"20":{"start":{"line":81,"column":6},"end":{"line":81,"column":65}},"21":{"start":{"line":83,"column":22},"end":{"line":93,"column":null}},"22":{"start":{"line":84,"column":6},"end":{"line":93,"column":8}},"23":{"start":{"line":96,"column":4},"end":{"line":98,"column":5}},"24":{"start":{"line":96,"column":17},"end":{"line":96,"column":18}},"25":{"start":{"line":97,"column":6},"end":{"line":97,"column":63}},"26":{"start":{"line":101,"column":6},"end":{"line":101,"column":61}},"27":{"start":{"line":103,"column":4},"end":{"line":103,"column":26}},"28":{"start":{"line":107,"column":27},"end":{"line":111,"column":6}},"29":{"start":{"line":113,"column":4},"end":{"line":116,"column":7}},"30":{"start":{"line":20,"column":13},"end":{"line":118,"column":null}}},"fnMap":{"0":{"name":"(anonymous_4)","decl":{"start":{"line":21,"column":2},"end":{"line":21,"column":null}},"loc":{"start":{"line":41,"column":58},"end":{"line":42,"column":6}}},"1":{"name":"(anonymous_5)","decl":{"start":{"line":44,"column":2},"end":{"line":44,"column":7}},"loc":{"start":{"line":44,"column":51},"end":{"line":104,"column":3}}},"2":{"name":"(anonymous_6)","decl":{"start":{"line":83,"column":37},"end":{"line":83,"column":38}},"loc":{"start":{"line":84,"column":6},"end":{"line":93,"column":8}}},"3":{"name":"(anonymous_7)","decl":{"start":{"line":106,"column":10},"end":{"line":106,"column":15}},"loc":{"start":{"line":106,"column":65},"end":{"line":117,"column":3}}}},"branchMap":{"0":{"loc":{"start":{"line":45,"column":4},"end":{"line":45,"column":59}},"type":"if","locations":[{"start":{"line":45,"column":4},"end":{"line":45,"column":59}},{"start":{},"end":{}}]},"1":{"loc":{"start":{"line":48,"column":4},"end":{"line":50,"column":5}},"type":"if","locations":[{"start":{"line":48,"column":4},"end":{"line":50,"column":5}},{"start":{},"end":{}}]},"2":{"loc":{"start":{"line":48,"column":8},"end":{"line":48,"column":31}},"type":"binary-expr","locations":[{"start":{"line":48,"column":8},"end":{"line":48,"column":16}},{"start":{"line":48,"column":20},"end":{"line":48,"column":31}}]},"3":{"loc":{"start":{"line":71,"column":12},"end":{"line":71,"column":78}},"type":"cond-expr","locations":[{"start":{"line":71,"column":34},"end":{"line":71,"column":73}},{"start":{"line":71,"column":76},"end":{"line":71,"column":78}}]}},"s":{"0":1,"1":17,"2":17,"3":17,"4":17,"5":17,"6":17,"7":17,"8":17,"9":1,"10":17,"11":17,"12":1,"13":16,"14":16,"15":16,"16":15,"17":15,"18":15,"19":14,"20":14,"21":13,"22":39,"23":13,"24":13,"25":42,"26":13,"27":12,"28":1,"29":1,"30":1},"f":{"0":17,"1":17,"2":39,"3":1},"b":{"0":[1,16],"1":[1,16],"2":[17,16],"3":[15,1]}}
,"/home/magnus/developments/projects/code_dragon/backend/src/shared/app.error.ts": {"path":"/home/magnus/developments/projects/code_dragon/backend/src/shared/app.error.ts","statementMap":{"0":{"start":{"line":6,"column":4},"end":{"line":6,"column":19}},"1":{"start":{"line":3,"column":20},"end":{"line":3,"column":38}},"2":{"start":{"line":12,"column":4},"end":{"line":12,"column":24}},"3":{"start":{"line":18,"column":4},"end":{"line":18,"column":24}},"4":{"start":{"line":24,"column":4},"end":{"line":24,"column":24}},"5":{"start":{"line":30,"column":4},"end":{"line":30,"column":24}},"6":{"start":{"line":36,"column":4},"end":{"line":36,"column":24}},"7":{"start":{"line":42,"column":4},"end":{"line":42,"column":24}},"8":{"start":{"line":48,"column":4},"end":{"line":48,"column":24}}},"fnMap":{"0":{"name":"(anonymous_0)","decl":{"start":{"line":2,"column":2},"end":{"line":2,"column":null}},"loc":{"start":{"line":4,"column":19},"end":{"line":7,"column":3}}},"1":{"name":"(anonymous_1)","decl":{"start":{"line":11,"column":2},"end":{"line":11,"column":14}},"loc":{"start":{"line":11,"column":29},"end":{"line":13,"column":3}}},"2":{"name":"(anonymous_2)","decl":{"start":{"line":17,"column":2},"end":{"line":17,"column":14}},"loc":{"start":{"line":17,"column":29},"end":{"line":19,"column":3}}},"3":{"name":"(anonymous_3)","decl":{"start":{"line":23,"column":2},"end":{"line":23,"column":14}},"loc":{"start":{"line":23,"column":29},"end":{"line":25,"column":3}}},"4":{"name":"(anonymous_4)","decl":{"start":{"line":29,"column":2},"end":{"line":29,"column":14}},"loc":{"start":{"line":29,"column":29},"end":{"line":31,"column":3}}},"5":{"name":"(anonymous_5)","decl":{"start":{"line":35,"column":2},"end":{"line":35,"column":14}},"loc":{"start":{"line":35,"column":29},"end":{"line":37,"column":3}}},"6":{"name":"(anonymous_6)","decl":{"start":{"line":41,"column":2},"end":{"line":41,"column":14}},"loc":{"start":{"line":41,"column":75},"end":{"line":43,"column":3}}},"7":{"name":"(anonymous_7)","decl":{"start":{"line":47,"column":2},"end":{"line":47,"column":14}},"loc":{"start":{"line":47,"column":55},"end":{"line":49,"column":3}}}},"branchMap":{"0":{"loc":{"start":{"line":41,"column":14},"end":{"line":41,"column":75}},"type":"default-arg","locations":[{"start":{"line":41,"column":32},"end":{"line":41,"column":75}}]},"1":{"loc":{"start":{"line":47,"column":14},"end":{"line":47,"column":55}},"type":"default-arg","locations":[{"start":{"line":47,"column":32},"end":{"line":47,"column":55}}]}},"s":{"0":52,"1":52,"2":11,"3":8,"4":1,"5":13,"6":4,"7":5,"8":8},"f":{"0":52,"1":11,"2":8,"3":1,"4":13,"5":4,"6":5,"7":8},"b":{"0":[3],"1":[4]}}
,"/home/magnus/developments/projects/code_dragon/backend/src/shared/env.ts": {"path":"/home/magnus/developments/projects/code_dragon/backend/src/shared/env.ts","statementMap":{"0":{"start":{"line":2,"column":0},"end":{"line":2,"column":16}},"1":{"start":{"line":4,"column":19},"end":{"line":34,"column":2}}},"fnMap":{},"branchMap":{"0":{"loc":{"start":{"line":5,"column":14},"end":{"line":5,"column":45}},"type":"binary-expr","locations":[{"start":{"line":5,"column":14},"end":{"line":5,"column":37}},{"start":{"line":5,"column":41},"end":{"line":5,"column":45}}]},"1":{"loc":{"start":{"line":6,"column":13},"end":{"line":6,"column":41}},"type":"binary-expr","locations":[{"start":{"line":6,"column":13},"end":{"line":6,"column":35}},{"start":{"line":6,"column":39},"end":{"line":6,"column":41}}]},"2":{"loc":{"start":{"line":7,"column":13},"end":{"line":7,"column":41}},"type":"binary-expr","locations":[{"start":{"line":7,"column":13},"end":{"line":7,"column":35}},{"start":{"line":7,"column":39},"end":{"line":7,"column":41}}]},"3":{"loc":{"start":{"line":9,"column":15},"end":{"line":9,"column":45}},"type":"binary-expr","locations":[{"start":{"line":9,"column":15},"end":{"line":9,"column":39}},{"start":{"line":9,"column":43},"end":{"line":9,"column":45}}]},"4":{"loc":{"start":{"line":10,"column":10},"end":{"line":10,"column":35}},"type":"binary-expr","locations":[{"start":{"line":10,"column":10},"end":{"line":10,"column":29}},{"start":{"line":10,"column":33},"end":{"line":10,"column":35}}]},"5":{"loc":{"start":{"line":11,"column":10},"end":{"line":11,"column":35}},"type":"binary-expr","locations":[{"start":{"line":11,"column":10},"end":{"line":11,"column":29}},{"start":{"line":11,"column":33},"end":{"line":11,"column":35}}]},"6":{"loc":{"start":{"line":12,"column":10},"end":{"line":12,"column":35}},"type":"binary-expr","locations":[{"start":{"line":12,"column":10},"end":{"line":12,"column":29}},{"start":{"line":12,"column":33},"end":{"line":12,"column":35}}]},"7":{"loc":{"start":{"line":13,"column":10},"end":{"line":13,"column":35}},"type":"binary-expr","locations":[{"start":{"line":13,"column":10},"end":{"line":13,"column":29}},{"start":{"line":13,"column":33},"end":{"line":13,"column":35}}]},"8":{"loc":{"start":{"line":14,"column":14},"end":{"line":14,"column":43}},"type":"binary-expr","locations":[{"start":{"line":14,"column":14},"end":{"line":14,"column":37}},{"start":{"line":14,"column":41},"end":{"line":14,"column":43}}]},"9":{"loc":{"start":{"line":16,"column":19},"end":{"line":16,"column":54}},"type":"binary-expr","locations":[{"start":{"line":16,"column":19},"end":{"line":16,"column":48}},{"start":{"line":16,"column":52},"end":{"line":16,"column":54}}]},"10":{"loc":{"start":{"line":17,"column":20},"end":{"line":17,"column":56}},"type":"binary-expr","locations":[{"start":{"line":17,"column":20},"end":{"line":17,"column":50}},{"start":{"line":17,"column":54},"end":{"line":17,"column":56}}]},"11":{"loc":{"start":{"line":18,"column":30},"end":{"line":18,"column":77}},"type":"binary-expr","locations":[{"start":{"line":18,"column":30},"end":{"line":18,"column":71}},{"start":{"line":18,"column":75},"end":{"line":18,"column":77}}]},"12":{"loc":{"start":{"line":19,"column":26},"end":{"line":19,"column":69}},"type":"binary-expr","locations":[{"start":{"line":19,"column":26},"end":{"line":19,"column":63}},{"start":{"line":19,"column":67},"end":{"line":19,"column":69}}]},"13":{"loc":{"start":{"line":20,"column":24},"end":{"line":20,"column":78}},"type":"binary-expr","locations":[{"start":{"line":20,"column":24},"end":{"line":20,"column":68}},{"start":{"line":20,"column":72},"end":{"line":20,"column":78}}]},"14":{"loc":{"start":{"line":22,"column":4},"end":{"line":22,"column":62}},"type":"binary-expr","locations":[{"start":{"line":22,"column":4},"end":{"line":22,"column":49}},{"start":{"line":22,"column":53},"end":{"line":22,"column":62}}]},"15":{"loc":{"start":{"line":24,"column":4},"end":{"line":24,"column":70}},"type":"binary-expr","locations":[{"start":{"line":24,"column":4},"end":{"line":24,"column":60}},{"start":{"line":24,"column":64},"end":{"line":24,"column":70}}]},"16":{"loc":{"start":{"line":26,"column":4},"end":{"line":26,"column":66}},"type":"binary-expr","locations":[{"start":{"line":26,"column":4},"end":{"line":26,"column":56}},{"start":{"line":26,"column":60},"end":{"line":26,"column":66}}]},"17":{"loc":{"start":{"line":28,"column":16},"end":{"line":28,"column":48}},"type":"binary-expr","locations":[{"start":{"line":28,"column":16},"end":{"line":28,"column":42}},{"start":{"line":28,"column":46},"end":{"line":28,"column":48}}]},"18":{"loc":{"start":{"line":30,"column":13},"end":{"line":30,"column":41}},"type":"binary-expr","locations":[{"start":{"line":30,"column":13},"end":{"line":30,"column":35}},{"start":{"line":30,"column":39},"end":{"line":30,"column":41}}]},"19":{"loc":{"start":{"line":31,"column":13},"end":{"line":31,"column":51}},"type":"binary-expr","locations":[{"start":{"line":31,"column":13},"end":{"line":31,"column":43}},{"start":{"line":31,"column":47},"end":{"line":31,"column":51}}]},"20":{"loc":{"start":{"line":33,"column":16},"end":{"line":33,"column":48}},"type":"binary-expr","locations":[{"start":{"line":33,"column":16},"end":{"line":33,"column":42}},{"start":{"line":33,"column":46},"end":{"line":33,"column":48}}]}},"s":{"0":5,"1":5},"f":{},"b":{"0":[5,0],"1":[5,0],"2":[5,0],"3":[5,0],"4":[5,0],"5":[5,0],"6":[5,0],"7":[5,0],"8":[5,0],"9":[5,0],"10":[5,0],"11":[5,0],"12":[5,0],"13":[5,0],"14":[5,0],"15":[5,0],"16":[5,0],"17":[5,0],"18":[5,0],"19":[5,0],"20":[5,0]}}
,"/home/magnus/developments/projects/code_dragon/backend/src/shared/utils.ts": {"path":"/home/magnus/developments/projects/code_dragon/backend/src/shared/utils.ts","statementMap":{"0":{"start":{"line":4,"column":2},"end":{"line":4,"column":22}},"1":{"start":{"line":8,"column":2},"end":{"line":8,"column":31}},"2":{"start":{"line":12,"column":2},"end":{"line":12,"column":38}},"3":{"start":{"line":16,"column":2},"end":{"line":16,"column":43}},"4":{"start":{"line":20,"column":16},"end":{"line":20,"column":29}},"5":{"start":{"line":21,"column":2},"end":{"line":24,"column":3}},"6":{"start":{"line":22,"column":17},"end":{"line":22,"column":39}},"7":{"start":{"line":23,"column":4},"end":{"line":23,"column":47}},"8":{"start":{"line":25,"column":2},"end":{"line":27,"column":3}},"9":{"start":{"line":26,"column":4},"end":{"line":26,"column":50}},"10":{"start":{"line":28,"column":18},"end":{"line":28,"column":33}},"11":{"start":{"line":29,"column":2},"end":{"line":29,"column":54}},"12":{"start":{"line":33,"column":2},"end":{"line":33,"column":24}},"13":{"start":{"line":37,"column":2},"end":{"line":37,"column":60}}},"fnMap":{"0":{"name":"transformerStringDataToNumber","decl":{"start":{"line":3,"column":16},"end":{"line":3,"column":45}},"loc":{"start":{"line":3,"column":58},"end":{"line":5,"column":1}}},"1":{"name":"msToSeconds","decl":{"start":{"line":7,"column":16},"end":{"line":7,"column":27}},"loc":{"start":{"line":7,"column":38},"end":{"line":9,"column":1}}},"2":{"name":"msToMinutes","decl":{"start":{"line":11,"column":16},"end":{"line":11,"column":27}},"loc":{"start":{"line":11,"column":38},"end":{"line":13,"column":1}}},"3":{"name":"msToHours","decl":{"start":{"line":15,"column":16},"end":{"line":15,"column":25}},"loc":{"start":{"line":15,"column":36},"end":{"line":17,"column":1}}},"4":{"name":"formatMs","decl":{"start":{"line":19,"column":16},"end":{"line":19,"column":24}},"loc":{"start":{"line":19,"column":35},"end":{"line":30,"column":1}}},"5":{"name":"stringToDate","decl":{"start":{"line":32,"column":16},"end":{"line":32,"column":28}},"loc":{"start":{"line":32,"column":41},"end":{"line":34,"column":1}}},"6":{"name":"generateHash","decl":{"start":{"line":36,"column":16},"end":{"line":36,"column":28}},"loc":{"start":{"line":36,"column":44},"end":{"line":38,"column":1}}}},"branchMap":{"0":{"loc":{"start":{"line":21,"column":2},"end":{"line":24,"column":3}},"type":"if","locations":[{"start":{"line":21,"column":2},"end":{"line":24,"column":3}},{"start":{},"end":{}}]},"1":{"loc":{"start":{"line":23,"column":25},"end":{"line":23,"column":44}},"type":"cond-expr","locations":[{"start":{"line":23,"column":36},"end":{"line":23,"column":39}},{"start":{"line":23,"column":42},"end":{"line":23,"column":44}}]},"2":{"loc":{"start":{"line":25,"column":2},"end":{"line":27,"column":3}},"type":"if","locations":[{"start":{"line":25,"column":2},"end":{"line":27,"column":3}},{"start":{},"end":{}}]},"3":{"loc":{"start":{"line":26,"column":27},"end":{"line":26,"column":47}},"type":"cond-expr","locations":[{"start":{"line":26,"column":39},"end":{"line":26,"column":42}},{"start":{"line":26,"column":45},"end":{"line":26,"column":47}}]},"4":{"loc":{"start":{"line":29,"column":29},"end":{"line":29,"column":51}},"type":"cond-expr","locations":[{"start":{"line":29,"column":43},"end":{"line":29,"column":46}},{"start":{"line":29,"column":49},"end":{"line":29,"column":51}}]}},"s":{"0":2,"1":8,"2":5,"3":11,"4":9,"5":9,"6":5,"7":5,"8":4,"9":2,"10":2,"11":2,"12":1,"13":10},"f":{"0":2,"1":8,"2":5,"3":11,"4":9,"5":1,"6":10},"b":{"0":[5,4],"1":[1,4],"2":[2,2],"3":[1,1],"4":[1,1]}}
}
