TN:
SF:generated/prisma/enums.ts
FNF:0
FNH:0
DA:12,1
DA:20,1
LF:2
LH:2
BRF:0
BRH:0
end_of_record
TN:
SF:src/domain/entities/age-range.entity.ts
FN:13,(anonymous_0)
FN:24,(anonymous_1)
FNF:2
FNH:2
FNDA:4,(anonymous_0)
FNDA:4,(anonymous_1)
DA:14,4
DA:15,4
DA:16,4
DA:17,4
DA:18,4
DA:19,4
DA:20,4
DA:21,4
DA:25,4
LF:9
LH:9
BRDA:32,0,0,4
BRDA:32,0,1,3
BRDA:33,1,0,4
BRDA:33,1,1,3
BRF:4
BRH:4
end_of_record
TN:
SF:src/domain/entities/career-objective.entity.ts
FN:12,(anonymous_0)
FN:22,(anonymous_1)
FNF:2
FNH:2
FNDA:4,(anonymous_0)
FNDA:4,(anonymous_1)
DA:13,4
DA:14,4
DA:15,4
DA:16,4
DA:17,4
DA:18,4
DA:19,4
DA:23,4
LF:8
LH:8
BRDA:29,0,0,4
BRDA:29,0,1,3
BRDA:30,1,0,4
BRDA:30,1,1,3
BRF:4
BRH:4
end_of_record
TN:
SF:src/domain/entities/profile.entity.ts
FN:25,(anonymous_0)
FN:39,(anonymous_1)
FN:55,(anonymous_2)
FNF:3
FNH:3
FNDA:12,(anonymous_0)
FNDA:12,(anonymous_1)
FNDA:3,(anonymous_2)
DA:26,12
DA:27,12
DA:28,12
DA:29,12
DA:30,12
DA:31,12
DA:32,12
DA:33,12
DA:34,12
DA:35,12
DA:36,12
DA:40,12
DA:56,3
DA:57,3
DA:58,3
DA:59,3
DA:60,3
DA:61,3
DA:62,3
LF:19
LH:19
BRDA:41,0,0,12
BRDA:41,0,1,7
BRDA:43,1,0,12
BRDA:43,1,1,9
BRDA:44,2,0,12
BRDA:44,2,1,11
BRDA:45,3,0,12
BRDA:45,3,1,11
BRDA:46,4,0,12
BRDA:46,4,1,9
BRDA:47,5,0,12
BRDA:47,5,1,4
BRDA:48,6,0,12
BRDA:48,6,1,5
BRDA:49,7,0,12
BRDA:49,7,1,8
BRDA:50,8,0,12
BRDA:50,8,1,10
BRDA:51,9,0,12
BRDA:51,9,1,10
BRDA:56,10,0,3
BRDA:56,10,1,2
BRDA:57,11,0,3
BRDA:57,11,1,2
BRDA:58,12,0,3
BRDA:58,12,1,2
BRDA:59,13,0,3
BRDA:59,13,1,1
BRDA:60,14,0,3
BRDA:60,14,1,2
BRDA:61,15,0,3
BRDA:61,15,1,2
BRF:32
BRH:32
end_of_record
TN:
SF:src/domain/entities/quiz-objective.entity.ts
FN:11,(anonymous_0)
FN:20,(anonymous_1)
FNF:2
FNH:2
FNDA:6,(anonymous_0)
FNDA:6,(anonymous_1)
DA:12,6
DA:13,6
DA:14,6
DA:15,6
DA:16,6
DA:17,6
DA:21,6
LF:7
LH:7
BRDA:26,0,0,6
BRDA:26,0,1,5
BRDA:27,1,0,6
BRDA:27,1,1,5
BRF:4
BRH:4
end_of_record
TN:
SF:src/domain/entities/quiz-question.entity.ts
FN:14,(anonymous_0)
FN:26,(anonymous_1)
FNF:2
FNH:2
FNDA:92,(anonymous_0)
FNDA:92,(anonymous_1)
DA:15,92
DA:16,92
DA:17,92
DA:18,92
DA:19,92
DA:20,92
DA:21,92
DA:22,92
DA:23,92
DA:27,92
LF:10
LH:10
BRDA:32,0,0,92
BRDA:32,0,1,66
BRDA:33,1,0,92
BRDA:33,1,1,86
BRDA:35,2,0,92
BRDA:35,2,1,91
BRDA:36,3,0,92
BRDA:36,3,1,91
BRF:8
BRH:8
end_of_record
TN:
SF:src/domain/entities/quiz-subject.entity.ts
FN:11,(anonymous_0)
FN:20,(anonymous_1)
FNF:2
FNH:2
FNDA:8,(anonymous_0)
FNDA:8,(anonymous_1)
DA:12,8
DA:13,8
DA:14,8
DA:15,8
DA:16,8
DA:17,8
DA:21,8
LF:7
LH:7
BRDA:26,0,0,8
BRDA:26,0,1,7
BRDA:27,1,0,8
BRDA:27,1,1,7
BRF:4
BRH:4
end_of_record
TN:
SF:src/domain/entities/seniority.entity.ts
FN:12,(anonymous_0)
FN:22,(anonymous_1)
FNF:2
FNH:2
FNDA:7,(anonymous_0)
FNDA:7,(anonymous_1)
DA:13,7
DA:14,7
DA:15,7
DA:16,7
DA:17,7
DA:18,7
DA:19,7
DA:23,7
LF:8
LH:8
BRDA:29,0,0,7
BRDA:29,0,1,6
BRDA:30,1,0,7
BRDA:30,1,1,6
BRF:4
BRH:4
end_of_record
TN:
SF:src/domain/entities/session-quiz.entity.ts
FN:18,(anonymous_0)
FN:32,(anonymous_1)
FN:48,(anonymous_2)
FNF:3
FNH:2
FNDA:16,(anonymous_0)
FNDA:16,(anonymous_1)
FNDA:0,(anonymous_2)
DA:19,16
DA:20,16
DA:21,16
DA:22,16
DA:23,16
DA:24,16
DA:25,16
DA:26,16
DA:27,16
DA:28,16
DA:29,16
DA:33,16
DA:49,0
DA:50,0
LF:14
LH:12
BRDA:34,0,0,16
BRDA:34,0,1,16
BRDA:41,1,0,16
BRDA:41,1,1,16
BRDA:42,2,0,16
BRDA:42,2,1,16
BRDA:43,3,0,16
BRDA:43,3,1,16
BRDA:44,4,0,16
BRDA:44,4,1,16
BRF:10
BRH:10
end_of_record
TN:
SF:src/domain/entities/session.entity.ts
FN:10,(anonymous_0)
FN:18,(anonymous_1)
FNF:2
FNH:2
FNDA:16,(anonymous_0)
FNDA:16,(anonymous_1)
DA:11,16
DA:12,16
DA:13,16
DA:14,16
DA:15,16
DA:19,16
LF:6
LH:6
BRDA:20,0,0,16
BRDA:20,0,1,16
BRDA:23,1,0,16
BRDA:23,1,1,16
BRDA:24,2,0,16
BRDA:24,2,1,16
BRF:6
BRH:6
end_of_record
TN:
SF:src/domain/entities/specialty.entity.ts
FN:12,(anonymous_0)
FN:22,(anonymous_1)
FNF:2
FNH:2
FNDA:10,(anonymous_0)
FNDA:10,(anonymous_1)
DA:13,10
DA:14,10
DA:15,10
DA:16,10
DA:17,10
DA:18,10
DA:19,10
DA:23,10
LF:8
LH:8
BRDA:29,0,0,10
BRDA:29,0,1,9
BRDA:30,1,0,10
BRDA:30,1,1,9
BRF:4
BRH:4
end_of_record
TN:
SF:src/domain/entities/stack.entity.ts
FN:11,(anonymous_0)
FN:20,(anonymous_1)
FNF:2
FNH:2
FNDA:8,(anonymous_0)
FNDA:8,(anonymous_1)
DA:12,8
DA:13,8
DA:14,8
DA:15,8
DA:16,8
DA:17,8
DA:21,8
LF:7
LH:7
BRDA:25,0,0,8
BRDA:25,0,1,6
BRDA:26,1,0,8
BRDA:26,1,1,7
BRDA:27,2,0,8
BRDA:27,2,1,7
BRF:6
BRH:6
end_of_record
TN:
SF:src/domain/entities/token.entity.ts
FN:22,(anonymous_0)
FN:32,(anonymous_1)
FN:36,(anonymous_2)
FNF:3
FNH:3
FNDA:24,(anonymous_0)
FNDA:24,(anonymous_1)
FNDA:4,(anonymous_2)
DA:23,24
DA:24,24
DA:25,24
DA:26,24
DA:27,24
DA:28,24
DA:29,24
DA:33,24
DA:37,4
LF:9
LH:9
BRDA:23,0,0,24
BRDA:23,0,1,9
BRDA:28,1,0,24
BRDA:28,1,1,19
BRDA:29,2,0,24
BRDA:29,2,1,19
BRF:6
BRH:6
end_of_record
TN:
SF:src/domain/entities/user.entity.ts
FN:13,(anonymous_0)
FN:24,(anonymous_1)
FN:37,(anonymous_2)
FN:45,(anonymous_3)
FN:49,(anonymous_4)
FNF:5
FNH:5
FNDA:47,(anonymous_0)
FNDA:47,(anonymous_1)
FNDA:2,(anonymous_2)
FNDA:19,(anonymous_3)
FNDA:2,(anonymous_4)
DA:14,47
DA:15,47
DA:16,47
DA:17,47
DA:18,47
DA:19,47
DA:20,47
DA:21,47
DA:25,47
DA:38,2
DA:46,19
DA:50,2
LF:12
LH:12
BRDA:26,0,0,47
BRDA:26,0,1,11
BRDA:30,1,0,47
BRDA:30,1,1,25
BRDA:31,2,0,47
BRDA:31,2,1,33
BRDA:32,3,0,47
BRDA:32,3,1,31
BRDA:33,4,0,47
BRDA:33,4,1,47
BRF:10
BRH:10
end_of_record
TN:
SF:src/infra/database/prisma/quiz-question.prisma.repository.ts
FN:8,(anonymous_1)
FN:25,(anonymous_2)
FN:27,(anonymous_3)
FN:39,(anonymous_4)
FN:42,(anonymous_5)
FN:47,(anonymous_6)
FN:50,(anonymous_7)
FNF:7
FNH:7
FNDA:1,(anonymous_1)
FNDA:1,(anonymous_2)
FNDA:2,(anonymous_3)
FNDA:2,(anonymous_4)
FNDA:1,(anonymous_5)
FNDA:2,(anonymous_6)
FNDA:1,(anonymous_7)
DA:7,1
DA:9,1
DA:22,1
DA:26,1
DA:27,2
DA:39,2
DA:43,1
DA:47,2
DA:51,1
LF:9
LH:9
BRF:0
BRH:0
end_of_record
TN:
SF:src/infra/database/prisma/token.prisma.repository.ts
FN:9,(anonymous_1)
FN:17,(anonymous_2)
FN:28,(anonymous_3)
FN:36,(anonymous_4)
FN:46,(anonymous_5)
FN:53,(anonymous_6)
FN:56,(anonymous_7)
FN:59,(anonymous_8)
FN:62,(anonymous_9)
FN:67,(anonymous_10)
FNF:10
FNH:10
FNDA:1,(anonymous_1)
FNDA:1,(anonymous_2)
FNDA:1,(anonymous_3)
FNDA:1,(anonymous_4)
FNDA:1,(anonymous_5)
FNDA:1,(anonymous_6)
FNDA:1,(anonymous_7)
FNDA:1,(anonymous_8)
FNDA:2,(anonymous_9)
FNDA:1,(anonymous_10)
DA:8,1
DA:10,1
DA:14,1
DA:18,1
DA:25,1
DA:29,1
DA:37,1
DA:43,1
DA:47,1
DA:53,1
DA:57,1
DA:59,1
DA:66,2
DA:67,2
DA:68,1
DA:73,1
DA:78,1
LF:17
LH:17
BRDA:43,0,0,0
BRDA:43,0,1,1
BRF:2
BRH:1
end_of_record
TN:
SF:src/infra/database/prisma/user.prisma.repository.ts
FN:9,(anonymous_1)
FN:24,(anonymous_2)
FN:35,(anonymous_3)
FN:43,(anonymous_4)
FN:53,(anonymous_5)
FN:56,(anonymous_6)
FN:59,(anonymous_7)
FNF:7
FNH:7
FNDA:3,(anonymous_1)
FNDA:1,(anonymous_2)
FNDA:1,(anonymous_3)
FNDA:1,(anonymous_4)
FNDA:1,(anonymous_5)
FNDA:1,(anonymous_6)
FNDA:1,(anonymous_7)
DA:8,1
DA:10,3
DA:11,3
DA:15,1
DA:17,2
DA:18,1
DA:20,1
DA:25,1
DA:32,1
DA:36,1
DA:44,1
DA:50,1
DA:54,1
DA:56,1
DA:60,1
DA:66,1
LF:16
LH:16
BRDA:17,0,0,1
BRDA:17,0,1,1
BRDA:50,1,0,0
BRDA:50,1,1,1
BRDA:66,2,0,1
BRDA:66,2,1,0
BRF:6
BRH:4
end_of_record
TN:
SF:src/infra/database/prisma/auth/create-user-with-email-token.prisma.repository.ts
FN:11,(anonymous_1)
FN:13,(anonymous_2)
FNF:2
FNH:2
FNDA:3,(anonymous_1)
FNDA:1,(anonymous_2)
DA:10,1
DA:12,3
DA:13,3
DA:14,1
DA:17,1
DA:20,1
DA:23,2
DA:27,1
DA:29,1
LF:9
LH:9
BRDA:23,0,0,1
BRDA:23,0,1,1
BRDA:24,1,0,2
BRDA:24,1,1,1
BRF:4
BRH:4
end_of_record
TN:
SF:src/infra/database/prisma/auth/get-me.prisma.repository.ts
FN:9,(anonymous_1)
FN:13,(anonymous_2)
FNF:2
FNH:2
FNDA:3,(anonymous_1)
FNDA:3,(anonymous_2)
DA:8,1
DA:13,3
DA:14,3
DA:18,3
DA:20,2
DA:24,2
DA:30,3
LF:7
LH:7
BRDA:18,0,0,1
BRDA:18,0,1,2
BRDA:26,1,0,1
BRDA:26,1,1,1
BRF:4
BRH:4
end_of_record
TN:
SF:src/infra/database/prisma/auth/reset-password.prisma.repository.ts
FN:9,(anonymous_1)
FN:11,(anonymous_2)
FNF:2
FNH:2
FNDA:2,(anonymous_1)
FNDA:1,(anonymous_2)
DA:8,1
DA:10,2
DA:11,2
DA:13,1
DA:22,1
DA:27,1
DA:28,1
LF:7
LH:7
BRF:0
BRH:0
end_of_record
TN:
SF:src/infra/database/prisma/profile/create-profile-with-stacks.repository.ts
FN:11,(anonymous_1)
FN:13,(anonymous_2)
FN:20,(anonymous_3)
FNF:3
FNH:3
FNDA:4,(anonymous_1)
FNDA:1,(anonymous_2)
FNDA:2,(anonymous_3)
DA:10,1
DA:12,4
DA:13,4
DA:14,1
DA:15,1
DA:19,1
DA:20,2
DA:26,1
DA:39,1
DA:42,3
DA:43,2
DA:44,1
DA:47,2
LF:13
LH:13
BRDA:42,0,0,2
BRDA:42,0,1,1
BRDA:43,1,0,1
BRDA:43,1,1,1
BRF:4
BRH:4
end_of_record
TN:
SF:src/infra/database/prisma/profile/get-onboarding-options.repository.ts
FN:10,(anonymous_1)
FN:21,(anonymous_2)
FN:22,(anonymous_3)
FN:23,(anonymous_4)
FN:24,(anonymous_5)
FN:25,(anonymous_6)
FNF:6
FNH:6
FNDA:2,(anonymous_1)
FNDA:1,(anonymous_2)
FNDA:1,(anonymous_3)
FNDA:1,(anonymous_4)
FNDA:1,(anonymous_5)
FNDA:1,(anonymous_6)
DA:9,1
DA:12,2
DA:20,1
DA:21,1
DA:22,1
DA:23,1
DA:24,1
DA:25,1
LF:8
LH:8
BRF:0
BRH:0
end_of_record
TN:
SF:src/infra/database/prisma/profile/get-profile-by-user-id.repository.ts
FN:10,(anonymous_1)
FN:39,(anonymous_2)
FNF:2
FNH:2
FNDA:3,(anonymous_1)
FNDA:2,(anonymous_2)
DA:9,1
DA:11,3
DA:31,2
DA:32,1
DA:35,1
DA:37,1
DA:39,2
LF:7
LH:7
BRDA:31,0,0,1
BRDA:31,0,1,1
BRF:2
BRH:2
end_of_record
TN:
SF:src/infra/database/prisma/profile/update-profile-with-stacks.repository.ts
FN:9,(anonymous_1)
FN:13,(anonymous_2)
FN:30,(anonymous_3)
FNF:3
FNH:3
FNDA:4,(anonymous_1)
FNDA:3,(anonymous_2)
FNDA:2,(anonymous_3)
DA:8,1
DA:13,4
DA:14,3
DA:16,3
DA:17,3
DA:25,1
DA:29,1
DA:30,2
DA:37,1
DA:50,1
DA:52,2
DA:53,1
DA:55,1
LF:13
LH:13
BRDA:52,0,0,1
BRDA:52,0,1,1
BRF:2
BRH:2
end_of_record
TN:
SF:src/infra/database/prisma/quiz/options/quiz-options.prisma.repository.ts
FN:10,(anonymous_1)
FN:29,(anonymous_2)
FN:30,(anonymous_3)
FN:31,(anonymous_4)
FN:32,(anonymous_5)
FN:35,(anonymous_6)
FN:39,(anonymous_7)
FNF:7
FNH:7
FNDA:4,(anonymous_1)
FNDA:1,(anonymous_2)
FNDA:1,(anonymous_3)
FNDA:1,(anonymous_4)
FNDA:2,(anonymous_5)
FNDA:1,(anonymous_6)
FNDA:1,(anonymous_7)
DA:9,1
DA:12,4
DA:28,3
DA:29,1
DA:30,1
DA:31,1
DA:33,2
DA:35,1
DA:39,1
LF:9
LH:9
BRDA:34,0,0,2
BRDA:34,0,1,1
BRF:2
BRH:2
end_of_record
TN:
SF:src/infra/database/prisma/quiz/questions/get-quiz-context.prisma.repository.ts
FN:12,(anonymous_1)
FN:15,(anonymous_2)
FN:42,(anonymous_3)
FN:45,(anonymous_4)
FNF:4
FNH:4
FNDA:5,(anonymous_1)
FNDA:5,(anonymous_2)
FNDA:1,(anonymous_3)
FNDA:1,(anonymous_4)
DA:11,1
DA:15,5
DA:17,5
DA:35,5
DA:36,4
DA:37,3
DA:38,2
DA:40,1
DA:42,1
DA:45,1
LF:10
LH:10
BRDA:22,0,0,5
BRDA:22,0,1,0
BRDA:35,1,0,1
BRDA:35,1,1,4
BRDA:36,2,0,1
BRDA:36,2,1,3
BRDA:37,3,0,1
BRDA:37,3,1,2
BRDA:38,4,0,1
BRDA:38,4,1,1
BRF:10
BRH:9
end_of_record
TN:
SF:src/infra/database/redis/redis-onboarding-options.repository.ts
FN:8,(anonymous_1)
FN:13,(anonymous_2)
FN:21,(anonymous_3)
FNF:3
FNH:3
FNDA:2,(anonymous_1)
FNDA:1,(anonymous_2)
FNDA:2,(anonymous_3)
DA:7,1
DA:9,2
DA:10,2
DA:14,1
DA:22,2
DA:23,2
LF:6
LH:6
BRDA:10,0,0,1
BRDA:10,0,1,1
BRF:2
BRH:2
end_of_record
TN:
SF:src/infra/http/middlewares/ensure-authenticated.middleware.ts
FN:15,(anonymous_4)
FN:23,(anonymous_5)
FN:51,(anonymous_6)
FNF:3
FNH:3
FNDA:7,(anonymous_4)
FNDA:4,(anonymous_5)
FNDA:3,(anonymous_6)
DA:14,1
DA:17,7
DA:20,7
DA:28,4
DA:29,4
DA:31,3
DA:32,3
DA:34,2
DA:35,2
DA:38,2
DA:39,2
DA:43,2
DA:44,1
DA:47,1
DA:48,1
DA:56,3
DA:57,3
DA:59,2
DA:60,2
DA:62,1
DA:63,1
DA:64,1
LF:22
LH:22
BRDA:29,0,0,1
BRDA:29,0,1,3
BRDA:32,1,0,1
BRDA:32,1,1,2
BRDA:43,2,0,1
BRDA:43,2,1,1
BRDA:57,3,0,1
BRDA:57,3,1,2
BRDA:60,4,0,1
BRDA:60,4,1,1
BRF:10
BRH:10
end_of_record
TN:
SF:src/infra/http/middlewares/error.middleware.ts
FN:5,errorHandler
FNF:1
FNH:1
FNDA:5,errorHandler
DA:11,5
DA:14,5
DA:15,1
DA:22,4
DA:23,1
DA:30,3
DA:31,3
DA:32,2
DA:33,1
DA:41,2
LF:10
LH:10
BRDA:14,0,0,1
BRDA:14,0,1,4
BRDA:22,1,0,1
BRDA:22,1,1,3
BRDA:31,2,0,2
BRDA:31,2,1,1
BRDA:32,3,0,1
BRDA:32,3,1,1
BRF:8
BRH:8
end_of_record
TN:
SF:src/infra/http/middlewares/rate-limit.middleware.ts
FN:15,(anonymous_4)
FN:20,(anonymous_5)
FN:23,(anonymous_6)
FNF:3
FNH:3
FNDA:4,(anonymous_4)
FNDA:4,(anonymous_5)
FNDA:4,(anonymous_6)
DA:14,1
DA:17,4
DA:21,4
DA:23,4
DA:28,4
DA:29,4
DA:31,3
DA:33,3
DA:34,1
DA:37,3
DA:39,3
DA:40,2
DA:43,3
DA:44,1
DA:47,2
LF:15
LH:15
BRDA:29,0,0,1
BRDA:29,0,1,3
BRDA:33,1,0,1
BRDA:33,1,1,2
BRDA:33,2,0,3
BRDA:33,2,1,1
BRDA:39,3,0,2
BRDA:39,3,1,1
BRDA:43,4,0,1
BRDA:43,4,1,2
BRF:10
BRH:10
end_of_record
TN:
SF:src/infra/http/middlewares/simple-rate-limit.middleware.ts
FN:10,(anonymous_0)
FN:16,(anonymous_1)
FNF:2
FNH:2
FNDA:2,(anonymous_0)
FNDA:1,(anonymous_1)
DA:11,2
DA:17,1
LF:2
LH:2
BRF:0
BRH:0
end_of_record
TN:
SF:src/infra/http/middlewares/validate.middleware.ts
FN:5,(anonymous_0)
FN:6,(anonymous_1)
FNF:2
FNH:2
FNDA:2,(anonymous_0)
FNDA:2,(anonymous_1)
DA:5,1
DA:6,2
DA:7,2
DA:8,2
DA:14,1
DA:16,1
DA:18,1
LF:7
LH:7
BRF:0
BRH:0
end_of_record
TN:
SF:src/infra/providers/gemini.provider.ts
FN:17,(anonymous_1)
FN:37,(anonymous_2)
FN:51,(anonymous_3)
FN:60,(anonymous_4)
FN:63,(anonymous_5)
FN:93,(anonymous_6)
FN:108,(anonymous_7)
FNF:7
FNH:7
FNDA:16,(anonymous_1)
FNDA:7,(anonymous_2)
FNDA:9,(anonymous_3)
FNDA:8,(anonymous_4)
FNDA:9,(anonymous_5)
FNDA:16,(anonymous_6)
FNDA:2,(anonymous_7)
DA:11,1
DA:16,1
DA:22,16
DA:23,16
DA:26,9
DA:33,9
DA:34,7
DA:37,7
DA:38,7
DA:41,2
DA:42,1
DA:47,1
DA:54,9
DA:60,8
DA:63,9
DA:93,9
DA:94,16
DA:100,7
DA:101,7
DA:102,1
DA:104,6
DA:105,6
DA:107,5
DA:108,2
DA:116,1
LF:25
LH:25
BRDA:19,0,0,9
BRDA:20,1,0,9
BRDA:26,2,0,9
BRDA:26,2,1,3
BRDA:26,2,2,2
BRDA:26,2,3,2
BRDA:26,2,4,2
BRDA:26,2,5,1
BRDA:33,3,0,7
BRDA:33,3,1,2
BRDA:33,4,0,9
BRDA:33,4,1,8
BRDA:35,5,0,7
BRDA:35,5,1,1
BRDA:41,6,0,1
BRDA:41,6,1,1
BRDA:60,7,0,9
BRDA:60,7,1,1
BRDA:101,8,0,1
BRDA:101,8,1,6
BRDA:112,9,0,2
BRDA:112,9,1,1
BRF:22
BRH:22
end_of_record
TN:
SF:src/infra/providers/hash.provider.ts
FN:9,(anonymous_1)
FN:13,(anonymous_2)
FNF:2
FNH:2
FNDA:1,(anonymous_1)
FNDA:1,(anonymous_2)
DA:6,1
DA:7,2
DA:10,1
DA:14,1
LF:4
LH:4
BRF:0
BRH:0
end_of_record
TN:
SF:src/infra/providers/jwt.provider.ts
FN:10,(anonymous_1)
FN:16,(anonymous_2)
FN:22,(anonymous_3)
FN:28,(anonymous_4)
FN:34,(anonymous_5)
FN:43,(anonymous_6)
FN:52,(anonymous_7)
FN:61,(anonymous_8)
FN:70,(anonymous_9)
FNF:9
FNH:9
FNDA:1,(anonymous_1)
FNDA:1,(anonymous_2)
FNDA:1,(anonymous_3)
FNDA:1,(anonymous_4)
FNDA:2,(anonymous_5)
FNDA:2,(anonymous_6)
FNDA:2,(anonymous_7)
FNDA:2,(anonymous_8)
FNDA:2,(anonymous_9)
DA:9,1
DA:11,1
DA:17,1
DA:23,1
DA:29,1
DA:35,2
DA:36,2
DA:37,1
DA:39,1
DA:44,2
DA:45,2
DA:46,1
DA:48,1
DA:53,2
DA:54,2
DA:55,1
DA:57,1
DA:62,2
DA:63,2
DA:64,1
DA:66,1
DA:73,2
DA:78,2
DA:80,1
LF:24
LH:24
BRDA:78,0,0,1
BRDA:78,0,1,1
BRF:2
BRH:2
end_of_record
TN:
SF:src/infra/providers/quiz-question-event-emitter.ts
FN:16,(anonymous_1)
FN:20,(anonymous_2)
FN:24,(anonymous_3)
FN:31,(anonymous_4)
FN:41,(anonymous_5)
FN:48,(anonymous_6)
FNF:6
FNH:6
FNDA:3,(anonymous_1)
FNDA:2,(anonymous_2)
FNDA:4,(anonymous_3)
FNDA:2,(anonymous_4)
FNDA:1,(anonymous_5)
FNDA:1,(anonymous_6)
DA:15,1
DA:17,3
DA:21,2
DA:28,4
DA:35,2
DA:45,1
DA:52,1
LF:7
LH:7
BRF:0
BRH:0
end_of_record
TN:
SF:src/infra/providers/redis.provider.ts
FN:7,(anonymous_1)
FN:11,(anonymous_2)
FN:15,(anonymous_3)
FN:19,(anonymous_4)
FN:24,(anonymous_5)
FN:28,(anonymous_6)
FNF:6
FNH:6
FNDA:1,(anonymous_1)
FNDA:1,(anonymous_2)
FNDA:1,(anonymous_3)
FNDA:2,(anonymous_4)
FNDA:1,(anonymous_5)
FNDA:1,(anonymous_6)
DA:6,1
DA:8,1
DA:12,1
DA:16,1
DA:20,2
DA:21,2
DA:25,1
DA:29,1
LF:8
LH:8
BRF:0
BRH:0
end_of_record
TN:
SF:src/infra/providers/email/email-render.provider.ts
FN:7,(anonymous_0)
FNF:1
FNH:1
FNDA:2,(anonymous_0)
DA:7,1
DA:11,2
DA:12,2
DA:14,2
DA:16,2
DA:18,2
DA:19,4
DA:21,4
DA:23,3
DA:26,2
LF:10
LH:10
BRDA:21,0,0,1
BRDA:21,0,1,3
BRF:2
BRH:2
end_of_record
TN:
SF:src/infra/providers/email/email.provider.ts
FN:14,(anonymous_1)
FNF:1
FNH:1
FNDA:2,(anonymous_1)
DA:10,1
DA:13,1
DA:15,2
DA:22,2
DA:23,1
LF:5
LH:5
BRDA:22,0,0,1
BRDA:22,0,1,1
BRF:2
BRH:2
end_of_record
TN:
SF:src/modules/auth/auth.controller.ts
FN:17,(anonymous_4)
FN:46,(anonymous_5)
FN:64,(anonymous_6)
FN:76,(anonymous_7)
FN:88,(anonymous_8)
FN:98,(anonymous_9)
FN:110,(anonymous_10)
FN:118,(anonymous_11)
FN:147,(anonymous_12)
FN:177,(anonymous_13)
FNF:10
FNH:10
FNDA:9,(anonymous_4)
FNDA:1,(anonymous_5)
FNDA:1,(anonymous_6)
FNDA:1,(anonymous_7)
FNDA:1,(anonymous_8)
FNDA:1,(anonymous_9)
FNDA:1,(anonymous_10)
FNDA:1,(anonymous_11)
FNDA:1,(anonymous_12)
FNDA:1,(anonymous_13)
DA:16,1
DA:19,9
DA:22,9
DA:25,9
DA:28,9
DA:31,9
DA:34,9
DA:37,9
DA:40,9
DA:43,9
DA:50,1
DA:51,1
DA:53,1
DA:61,1
DA:68,1
DA:69,1
DA:80,1
DA:81,1
DA:92,1
DA:93,1
DA:102,1
DA:103,1
DA:114,1
DA:115,1
DA:122,1
DA:126,1
DA:133,1
DA:140,1
DA:144,1
DA:151,1
DA:152,1
DA:155,1
DA:160,1
DA:167,1
DA:174,1
DA:178,1
DA:179,1
DA:181,1
DA:183,1
DA:184,1
DA:186,1
LF:41
LH:41
BRF:0
BRH:0
end_of_record
TN:
SF:src/modules/auth/auth.schema.ts
FNF:0
FNH:0
DA:3,1
DA:11,1
DA:17,1
DA:23,1
DA:29,1
DA:36,1
LF:6
LH:6
BRF:0
BRH:0
end_of_record
TN:
SF:src/modules/auth/use-cases/forgot-password.ts
FN:14,(anonymous_4)
FN:31,(anonymous_5)
FNF:2
FNH:2
FNDA:3,(anonymous_4)
FNDA:3,(anonymous_5)
DA:13,1
DA:16,3
DA:19,3
DA:22,3
DA:25,3
DA:28,3
DA:32,3
DA:35,3
DA:37,1
DA:40,1
DA:42,1
DA:49,1
DA:51,1
LF:13
LH:13
BRDA:35,0,0,2
BRDA:35,0,1,1
BRDA:35,1,0,3
BRDA:35,1,1,2
BRF:4
BRH:4
end_of_record
TN:
SF:src/modules/auth/use-cases/get-me.ts
FN:7,(anonymous_4)
FN:12,(anonymous_5)
FNF:2
FNH:2
FNDA:2,(anonymous_4)
FNDA:2,(anonymous_5)
DA:6,1
DA:9,2
DA:13,2
DA:14,2
DA:16,1
LF:5
LH:5
BRDA:14,0,0,1
BRDA:14,0,1,1
BRF:2
BRH:2
end_of_record
TN:
SF:src/modules/auth/use-cases/login.ts
FN:14,(anonymous_4)
FN:28,(anonymous_5)
FNF:2
FNH:2
FNDA:4,(anonymous_4)
FNDA:4,(anonymous_5)
DA:13,1
DA:16,4
DA:19,4
DA:22,4
DA:25,4
DA:31,4
DA:32,4
DA:34,3
DA:38,3
DA:40,2
DA:42,1
DA:43,1
DA:46,1
DA:47,1
DA:49,1
DA:55,1
LF:16
LH:16
BRDA:32,0,0,1
BRDA:32,0,1,3
BRDA:38,1,0,1
BRDA:38,1,1,2
BRDA:40,2,0,1
BRDA:40,2,1,1
BRF:6
BRH:6
end_of_record
TN:
SF:src/modules/auth/use-cases/logout.ts
FN:8,(anonymous_4)
FN:13,(anonymous_5)
FNF:2
FNH:2
FNDA:1,(anonymous_4)
FNDA:1,(anonymous_5)
DA:7,1
DA:10,1
DA:14,1
DA:15,1
LF:4
LH:4
BRF:0
BRH:0
end_of_record
TN:
SF:src/modules/auth/use-cases/refresh-token.ts
FN:10,(anonymous_4)
FN:18,(anonymous_5)
FNF:2
FNH:2
FNDA:1,(anonymous_4)
FNDA:1,(anonymous_5)
DA:9,1
DA:12,1
DA:15,1
DA:22,1
DA:23,1
DA:28,1
DA:31,1
DA:36,1
DA:37,1
DA:39,1
DA:45,1
LF:11
LH:11
BRF:0
BRH:0
end_of_record
TN:
SF:src/modules/auth/use-cases/resend-verification.ts
FN:14,(anonymous_4)
FN:31,(anonymous_5)
FNF:2
FNH:2
FNDA:3,(anonymous_4)
FNDA:3,(anonymous_5)
DA:13,1
DA:16,3
DA:19,3
DA:22,3
DA:25,3
DA:28,3
DA:32,3
DA:34,3
DA:36,1
DA:39,1
DA:40,1
DA:47,1
DA:49,1
LF:13
LH:13
BRDA:34,0,0,2
BRDA:34,0,1,1
BRDA:34,1,0,3
BRDA:34,1,1,2
BRF:4
BRH:4
end_of_record
TN:
SF:src/modules/auth/use-cases/reset-password.ts
FN:12,(anonymous_4)
FN:29,(anonymous_5)
FN:50,(anonymous_6)
FNF:3
FNH:3
FNDA:6,(anonymous_4)
FNDA:6,(anonymous_5)
FNDA:2,(anonymous_6)
DA:11,1
DA:14,6
DA:17,6
DA:20,6
DA:23,6
DA:26,6
DA:31,6
DA:35,6
DA:38,5
DA:39,5
DA:42,5
DA:44,5
DA:45,4
DA:48,3
DA:49,3
DA:50,2
DA:53,3
DA:54,3
DA:56,2
DA:61,2
DA:62,2
DA:65,1
DA:66,1
DA:68,1
LF:24
LH:24
BRDA:35,0,0,1
BRDA:35,0,1,5
BRDA:44,1,0,1
BRDA:44,1,1,4
BRDA:45,2,0,1
BRDA:45,2,1,3
BRDA:54,3,0,1
BRDA:54,3,1,2
BRDA:61,4,0,0
BRDA:61,4,1,2
BRDA:62,5,0,1
BRDA:62,5,1,1
BRF:12
BRH:11
end_of_record
TN:
SF:src/modules/auth/use-cases/signup.ts
FN:15,(anonymous_4)
FN:32,(anonymous_5)
FNF:2
FNH:2
FNDA:2,(anonymous_4)
FNDA:2,(anonymous_5)
DA:14,1
DA:17,2
DA:20,2
DA:23,2
DA:26,2
DA:29,2
DA:33,2
DA:35,2
DA:37,1
DA:38,1
DA:43,1
DA:46,1
DA:48,1
DA:55,1
DA:57,1
LF:15
LH:15
BRDA:35,0,0,1
BRDA:35,0,1,1
BRF:2
BRH:2
end_of_record
TN:
SF:src/modules/auth/use-cases/verify-email.ts
FN:11,(anonymous_4)
FN:25,(anonymous_5)
FN:53,(anonymous_6)
FNF:3
FNH:3
FNDA:7,(anonymous_4)
FNDA:7,(anonymous_5)
FNDA:3,(anonymous_6)
DA:10,1
DA:13,7
DA:16,7
DA:19,7
DA:22,7
DA:27,7
DA:31,7
DA:32,1
DA:36,6
DA:37,6
DA:40,6
DA:42,6
DA:43,1
DA:46,5
DA:47,1
DA:51,4
DA:52,4
DA:53,3
DA:56,4
DA:57,4
DA:59,3
DA:64,3
DA:65,1
DA:69,2
DA:70,1
DA:74,1
DA:75,1
DA:78,1
LF:28
LH:28
BRDA:31,0,0,1
BRDA:31,0,1,6
BRDA:42,1,0,1
BRDA:42,1,1,5
BRDA:46,2,0,1
BRDA:46,2,1,4
BRDA:57,3,0,1
BRDA:57,3,1,3
BRDA:64,4,0,1
BRDA:64,4,1,2
BRDA:69,5,0,1
BRDA:69,5,1,1
BRF:12
BRH:12
end_of_record
TN:
SF:src/modules/profile/profile.controller.ts
FN:14,(anonymous_4)
FN:25,(anonymous_5)
FN:41,(anonymous_6)
FN:50,(anonymous_7)
FNF:4
FNH:4
FNDA:3,(anonymous_4)
FNDA:1,(anonymous_5)
FNDA:1,(anonymous_6)
FNDA:1,(anonymous_7)
DA:13,1
DA:16,3
DA:19,3
DA:22,3
DA:29,1
DA:30,1
DA:32,1
DA:37,1
DA:38,1
DA:45,1
DA:47,1
DA:54,1
DA:56,1
DA:58,1
LF:14
LH:14
BRF:0
BRH:0
end_of_record
TN:
SF:src/modules/profile/profile.schema.ts
FNF:0
FNH:0
DA:3,1
LF:1
LH:1
BRF:0
BRH:0
end_of_record
TN:
SF:src/modules/profile/use-cases/create-profile.ts
FN:7,(anonymous_4)
FN:12,(anonymous_5)
FNF:2
FNH:2
FNDA:2,(anonymous_4)
FNDA:2,(anonymous_5)
DA:6,1
DA:9,2
DA:14,2
DA:15,1
LF:4
LH:4
BRF:0
BRH:0
end_of_record
TN:
SF:src/modules/profile/use-cases/get-onboarding-options.ts
FN:9,(anonymous_4)
FN:17,(anonymous_5)
FNF:2
FNH:2
FNDA:3,(anonymous_4)
FNDA:3,(anonymous_5)
DA:6,1
DA:7,3
DA:11,3
DA:14,3
DA:18,3
DA:20,3
DA:21,2
DA:22,2
DA:25,2
DA:27,2
DA:29,2
LF:11
LH:11
BRDA:20,0,0,2
BRDA:20,0,1,1
BRDA:22,1,0,1
BRDA:22,1,1,1
BRF:4
BRH:4
end_of_record
TN:
SF:src/modules/profile/use-cases/get-profile-by-user-id.ts
FN:7,(anonymous_4)
FN:12,(anonymous_5)
FNF:2
FNH:2
FNDA:3,(anonymous_4)
FNDA:3,(anonymous_5)
DA:6,1
DA:9,3
DA:13,3
DA:15,2
DA:16,1
DA:19,1
LF:6
LH:6
BRDA:15,0,0,1
BRDA:15,0,1,1
BRF:2
BRH:2
end_of_record
TN:
SF:src/modules/quiz/options/quiz-options.controller.ts
FN:7,(anonymous_4)
FN:12,(anonymous_5)
FNF:2
FNH:2
FNDA:2,(anonymous_4)
FNDA:2,(anonymous_5)
DA:6,1
DA:9,2
DA:16,2
DA:17,1
LF:4
LH:4
BRF:0
BRH:0
end_of_record
TN:
SF:src/modules/quiz/options/use-cases/get-quiz-options.ts
FN:7,(anonymous_4)
FN:12,(anonymous_5)
FN:17,(anonymous_6)
FN:21,(anonymous_7)
FN:25,(anonymous_8)
FN:29,(anonymous_9)
FN:32,(anonymous_10)
FN:37,(anonymous_11)
FNF:8
FNH:8
FNDA:5,(anonymous_4)
FNDA:5,(anonymous_5)
FNDA:1,(anonymous_6)
FNDA:1,(anonymous_7)
FNDA:1,(anonymous_8)
FNDA:3,(anonymous_9)
FNDA:1,(anonymous_10)
FNDA:1,(anonymous_11)
DA:6,1
DA:9,5
DA:13,5
DA:16,4
DA:17,1
DA:21,1
DA:25,1
DA:29,3
DA:32,1
DA:37,1
LF:10
LH:10
BRDA:32,0,0,3
BRDA:32,0,1,1
BRF:2
BRH:2
end_of_record
TN:
SF:src/modules/quiz/questions/questions.controller.ts
FN:8,(anonymous_4)
FN:16,(anonymous_5)
FN:30,(anonymous_6)
FNF:3
FNH:3
FNDA:6,(anonymous_4)
FNDA:4,(anonymous_5)
FNDA:2,(anonymous_6)
DA:7,1
DA:10,6
DA:13,6
DA:20,4
DA:22,4
DA:27,3
DA:31,2
DA:32,2
DA:33,2
DA:35,2
DA:37,2
LF:11
LH:11
BRF:0
BRH:0
end_of_record
TN:
SF:src/modules/quiz/questions/questions.mapper.ts
FN:5,mapContextToGeminiInput
FN:16,(anonymous_1)
FN:29,(anonymous_2)
FNF:3
FNH:3
FNDA:22,mapContextToGeminiInput
FNDA:28,(anonymous_1)
FNDA:28,(anonymous_2)
DA:10,22
DA:16,28
DA:29,28
LF:3
LH:3
BRF:0
BRH:0
end_of_record
TN:
SF:src/modules/quiz/questions/questions.routes.ts
FNF:0
FNH:0
DA:13,1
DA:15,1
DA:26,1
LF:3
LH:3
BRF:0
BRH:0
end_of_record
TN:
SF:src/modules/quiz/questions/questions.schema.ts
FNF:0
FNH:0
DA:3,1
DA:15,1
LF:2
LH:2
BRF:0
BRH:0
end_of_record
TN:
SF:src/modules/quiz/questions/use-cases/generate-questions.ts
FN:22,(anonymous_4)
FN:48,(anonymous_5)
FN:66,(anonymous_6)
FN:93,(anonymous_7)
FN:106,(anonymous_8)
FNF:5
FNH:5
FNDA:17,(anonymous_4)
FNDA:17,(anonymous_5)
FNDA:39,(anonymous_6)
FNDA:1,(anonymous_7)
FNDA:17,(anonymous_8)
DA:21,1
DA:24,17
DA:27,17
DA:30,17
DA:33,17
DA:36,17
DA:39,17
DA:42,17
DA:45,17
DA:49,17
DA:51,17
DA:53,15
DA:54,15
DA:56,15
DA:57,14
DA:64,14
DA:66,13
DA:67,39
DA:76,13
DA:77,42
DA:81,13
DA:83,12
DA:84,9
DA:90,12
DA:94,1
DA:100,1
DA:109,17
DA:110,17
DA:111,1
DA:113,16
DA:118,16
DA:128,16
DA:135,15
LF:33
LH:33
BRDA:49,0,0,1
BRDA:49,0,1,16
BRDA:83,1,0,9
BRDA:83,1,1,3
BRDA:110,2,0,1
BRDA:110,2,1,16
BRDA:110,3,0,17
BRDA:110,3,1,16
BRDA:132,4,0,15
BRDA:132,4,1,1
BRF:10
BRH:10
end_of_record
TN:
SF:src/modules/quiz/questions/use-cases/stream.use-case.ts
FN:10,(anonymous_4)
FN:21,(anonymous_5)
FN:51,(anonymous_6)
FN:55,(anonymous_7)
FN:63,(anonymous_8)
FN:72,(anonymous_9)
FNF:6
FNH:6
FNDA:6,(anonymous_4)
FNDA:6,(anonymous_5)
FNDA:1,(anonymous_6)
FNDA:1,(anonymous_7)
FNDA:5,(anonymous_8)
FNDA:5,(anonymous_9)
DA:9,1
DA:12,6
DA:15,6
DA:18,6
DA:25,6
DA:29,6
DA:31,6
DA:32,1
DA:37,6
DA:38,6
DA:43,1
DA:46,1
DA:47,1
DA:51,5
DA:52,1
DA:55,5
DA:56,1
DA:59,5
DA:60,5
DA:63,5
DA:64,5
DA:68,5
DA:72,5
DA:73,5
LF:24
LH:24
BRDA:31,0,0,1
BRDA:31,0,1,5
BRDA:38,1,0,1
BRDA:38,1,1,5
BRDA:39,2,0,6
BRDA:39,2,1,6
BRDA:39,2,2,6
BRF:7
BRH:7
end_of_record
TN:
SF:src/shared/app.error.ts
FN:2,(anonymous_0)
FN:11,(anonymous_1)
FN:17,(anonymous_2)
FN:23,(anonymous_3)
FN:29,(anonymous_4)
FN:35,(anonymous_5)
FN:41,(anonymous_6)
FN:47,(anonymous_7)
FNF:8
FNH:8
FNDA:53,(anonymous_0)
FNDA:11,(anonymous_1)
FNDA:8,(anonymous_2)
FNDA:1,(anonymous_3)
FNDA:13,(anonymous_4)
FNDA:4,(anonymous_5)
FNDA:5,(anonymous_6)
FNDA:9,(anonymous_7)
DA:3,53
DA:6,53
DA:12,11
DA:18,8
DA:24,1
DA:30,13
DA:36,4
DA:42,5
DA:48,9
LF:9
LH:9
BRDA:41,0,0,3
BRDA:47,1,0,4
BRF:2
BRH:2
end_of_record
TN:
SF:src/shared/env.ts
FNF:0
FNH:0
DA:2,5
DA:4,5
LF:2
LH:2
BRDA:5,0,0,5
BRDA:5,0,1,0
BRDA:6,1,0,5
BRDA:6,1,1,0
BRDA:7,2,0,5
BRDA:7,2,1,0
BRDA:9,3,0,5
BRDA:9,3,1,0
BRDA:10,4,0,5
BRDA:10,4,1,0
BRDA:11,5,0,5
BRDA:11,5,1,0
BRDA:12,6,0,5
BRDA:12,6,1,0
BRDA:13,7,0,5
BRDA:13,7,1,0
BRDA:14,8,0,5
BRDA:14,8,1,0
BRDA:16,9,0,5
BRDA:16,9,1,0
BRDA:17,10,0,5
BRDA:17,10,1,0
BRDA:18,11,0,5
BRDA:18,11,1,0
BRDA:19,12,0,5
BRDA:19,12,1,0
BRDA:20,13,0,5
BRDA:20,13,1,0
BRDA:22,14,0,5
BRDA:22,14,1,0
BRDA:24,15,0,5
BRDA:24,15,1,0
BRDA:26,16,0,5
BRDA:26,16,1,0
BRDA:28,17,0,5
BRDA:28,17,1,0
BRDA:30,18,0,5
BRDA:30,18,1,0
BRDA:31,19,0,5
BRDA:31,19,1,0
BRDA:33,20,0,5
BRDA:33,20,1,0
BRF:42
BRH:21
end_of_record
TN:
SF:src/shared/utils.ts
FN:3,transformerStringDataToNumber
FN:7,msToSeconds
FN:11,msToMinutes
FN:15,msToHours
FN:19,formatMs
FN:32,stringToDate
FN:36,generateHash
FNF:7
FNH:7
FNDA:2,transformerStringDataToNumber
FNDA:8,msToSeconds
FNDA:5,msToMinutes
FNDA:11,msToHours
FNDA:9,formatMs
FNDA:1,stringToDate
FNDA:10,generateHash
DA:4,2
DA:8,8
DA:12,5
DA:16,11
DA:20,9
DA:21,9
DA:22,5
DA:23,5
DA:25,4
DA:26,2
DA:28,2
DA:29,2
DA:33,1
DA:37,10
LF:14
LH:14
BRDA:21,0,0,5
BRDA:21,0,1,4
BRDA:23,1,0,1
BRDA:23,1,1,4
BRDA:25,2,0,2
BRDA:25,2,1,2
BRDA:26,3,0,1
BRDA:26,3,1,1
BRDA:29,4,0,1
BRDA:29,4,1,1
BRF:10
BRH:10
end_of_record
